[12-18-2022 07:15:11] [Zone] [Info] [WorldServer::HandleMessage] Received Message SyncWorldTime
[12-18-2022 07:15:11] [Zone] [Info] Time Broadcast Packet: EQTime [08:40 pm]
[12-18-2022 07:15:11] [Zone] [Info] UCS Server is now [online]
[12-18-2022 07:15:13] [Zone] [Info] New connection from IP 38.133.239.41:9193
[12-18-2022 07:15:13] [Zone] [Info] New client from [38.133.239.41]:[9193]
[12-18-2022 07:15:14] [Zone] [Error] MySQL Error while trying to load PEQZone flags for [Nivek].
[12-18-2022 07:15:14] [Zone] [Error] MySQL Error while trying to load zone flags for [Nivek]: []
[12-18-2022 07:15:14] [Zone] [Info] [Client::UpdateAdmin] - [Nivek] is a GM
[12-18-2022 07:15:50] [Zone] [Info] [Attack] Should have attempted to do OOS check
[12-18-2022 07:16:10] [Zone] [Info] [Attack] Should have attempted to do OOS check
[12-18-2022 07:16:10] [Zone] [Info] [Attack] Should have attempted to do OOS check
[12-18-2022 07:16:32] [Zone] [Info] [Attack] Should have attempted to do OOS check
[12-18-2022 07:16:52] [Zone] [Info] [Attack] Should have attempted to do OOS check
[12-18-2022 07:16:56] [Zone] [Info] [ZonePC] Client [Nivek] zone_id [96] x [0] y [0] z [0] heading [0] ignorerestrictions [0] zone_mode [0]
[12-18-2022 07:16:56] [Zone] [Info] [Handle_OP_ZoneChange] Loaded zone flag []
[12-18-2022 07:16:56] [Zone] [Info] [Nivek] Bypassing Expansion zone checks because GM status is set
[12-18-2022 07:16:56] [Zone] [Info] Zoning [Nivek] to: [timorous] ([96]) - ([0]) x [2194] y [-5392] z [6]
[12-18-2022 07:16:56] [Zone] [Info] [ResetShutdownTimer] Reset to [1 Hour] from original remaining time [58 Minutes and 15 Seconds] duration [1 Hour] zone [PID (11092) Firiona Vie (84)]
[12-18-2022 07:16:57] [Zone] [Info] Dropping client: Process=false, ip=[38.133.239.41] port=[9193]
[12-18-2022 07:17:01] [Zone] [Info] [Attack] Should have attempted to do OOS check
[12-18-2022 07:17:08] [Zone] [Info] [Attack] Should have attempted to do OOS check
[12-18-2022 07:17:09] [Zone] [Info] [Attack] Should have attempted to do OOS check
[12-18-2022 07:17:09] [Zone] [Info] [Attack] Should have attempted to do OOS check
[12-18-2022 07:17:13] [Zone] [Info] [Attack] Should have attempted to do OOS check
[12-18-2022 07:17:30] [Zone] [Info] [Attack] Should have attempted to do OOS check
[12-18-2022 07:17:36] [Zone] [Info] [Attack] Should have attempted to do OOS check
[12-18-2022 07:17:49] [Zone] [Info] [Attack] Should have attempted to do OOS check
[12-18-2022 07:17:52] [Zone] [Info] [Attack] Should have attempted to do OOS check
[12-18-2022 07:17:54] [Zone] [Info] [Attack] Should have attempted to do OOS check
[12-18-2022 07:23:25] [Zone] [Info] New connection from IP 38.133.239.41:8929
[12-18-2022 07:23:25] [Zone] [Info] New client from [38.133.239.41]:[8929]
[12-18-2022 07:23:26] [Zone] [Error] MySQL Error while trying to load PEQZone flags for [Nivek].
[12-18-2022 07:23:26] [Zone] [Error] MySQL Error while trying to load zone flags for [Nivek]: []
[12-18-2022 07:23:26] [Zone] [Info] [Client::UpdateAdmin] - [Nivek] is a GM
[12-18-2022 07:23:28] [Zone] [Info] [Attack] Should have attempted to do OOS check
[12-18-2022 07:23:35] [Zone] [Info] [Attack] Should have attempted to do OOS check
[12-18-2022 07:23:38] [Zone] [Info] [Attack] Should have attempted to do OOS check
[12-18-2022 07:23:42] [Zone] [Info] [Attack] Should have attempted to do OOS check
[12-18-2022 07:23:54] [Zone] [Info] [Attack] Should have attempted to do OOS check
[12-18-2022 07:23:55] [Zone] [Info] [Attack] Should have attempted to do OOS check
[12-18-2022 07:23:59] [Zone] [Info] [Attack] Should have attempted to do OOS check
[12-18-2022 07:24:03] [Zone] [Info] [Attack] Should have attempted to do OOS check
[12-18-2022 07:24:08] [Zone] [Info] [Attack] Should have attempted to do OOS check
[12-18-2022 07:24:18] [Zone] [Info] [Attack] Should have attempted to do OOS check
[12-18-2022 07:24:19] [Zone] [Info] [Attack] Should have attempted to do OOS check
[12-18-2022 07:24:26] [Zone] [Info] [Attack] Should have attempted to do OOS check
[12-18-2022 07:24:32] [Zone] [Info] [Attack] Should have attempted to do OOS check
[12-18-2022 07:24:32] [Zone] [Info] [Attack] Should have attempted to do OOS check
[12-18-2022 07:24:33] [Zone] [Info] [Attack] Should have attempted to do OOS check
[12-18-2022 07:24:42] [Zone] [Info] [Attack] Should have attempted to do OOS check
[12-18-2022 07:24:55] [Zone] [Info] [Attack] Should have attempted to do OOS check
[12-18-2022 07:24:59] [Zone] [Info] [Attack] Should have attempted to do OOS check
[12-18-2022 07:25:03] [Zone] [Info] [Attack] Should have attempted to do OOS check
[12-18-2022 07:25:07] [Zone] [Info] [Attack] Should have attempted to do OOS check
[12-18-2022 07:25:11] [Zone] [Info] [Attack] Should have attempted to do OOS check
[12-18-2022 07:25:45] [Zone] [Info] [Attack] Should have attempted to do OOS check
[12-18-2022 07:25:56] [Zone] [Info] [Attack] Should have attempted to do OOS check
[12-18-2022 07:26:05] [Zone] [Info] [Attack] Should have attempted to do OOS check
[12-18-2022 07:26:07] [Zone] [Info] [Attack] Should have attempted to do OOS check
[12-18-2022 07:26:38] [Zone] [Info] [Attack] Should have attempted to do OOS check
[12-18-2022 07:27:07] [Zone] [Info] [Attack] Should have attempted to do OOS check
[12-18-2022 07:27:12] [Zone] [Info] [Attack] Should have attempted to do OOS check
[12-18-2022 07:27:13] [Zone] [Info] [Attack] Should have attempted to do OOS check
[12-18-2022 07:27:23] [Zone] [Info] [Attack] Should have attempted to do OOS check
[12-18-2022 07:27:26] [Zone] [Info] [Attack] Should have attempted to do OOS check
[12-18-2022 07:27:27] [Zone] [Info] [Attack] Should have attempted to do OOS check
[12-18-2022 07:27:38] [Zone] [Info] [Attack] Should have attempted to do OOS check
[12-18-2022 07:27:41] [Zone] [Info] [Attack] Should have attempted to do OOS check
[12-18-2022 07:28:01] [Zone] [Info] [Attack] Should have attempted to do OOS check
[12-18-2022 07:28:11] [Zone] [Info] [Attack] Should have attempted to do OOS check
[12-18-2022 07:28:15] [Zone] [Info] [Attack] Should have attempted to do OOS check
[12-18-2022 07:28:18] [Zone] [Info] [Attack] Should have attempted to do OOS check
[12-18-2022 07:28:24] [Zone] [Info] [Attack] Should have attempted to do OOS check
[12-18-2022 07:28:32] [Zone] [Info] [Attack] Should have attempted to do OOS check
[12-18-2022 07:28:56] [Zone] [Info] [Attack] Should have attempted to do OOS check
[12-18-2022 07:29:07] [Zone] [Info] [Attack] Should have attempted to do OOS check
[12-18-2022 07:29:14] [Zone] [Info] [Attack] Should have attempted to do OOS check
[12-18-2022 07:29:17] [Zone] [Info] [Attack] Should have attempted to do OOS check
[12-18-2022 07:29:18] [Zone] [Info] [Attack] Should have attempted to do OOS check
[12-18-2022 07:29:18] [Zone] [Info] [Attack] Should have attempted to do OOS check
[12-18-2022 07:29:25] [Zone] [Info] [Attack] Should have attempted to do OOS check
[12-18-2022 07:29:49] [Zone] [Info] [Attack] Should have attempted to do OOS check
[12-18-2022 07:29:54] [Zone] [Info] [Attack] Should have attempted to do OOS check
[12-18-2022 07:30:11] [Zone] [Info] [Attack] Should have attempted to do OOS check
[12-18-2022 07:30:32] [Zone] [Info] [Attack] Should have attempted to do OOS check
[12-18-2022 07:31:22] [Zone] [Info] [Attack] Should have attempted to do OOS check
[12-18-2022 07:31:28] [Zone] [Info] [Attack] Should have attempted to do OOS check
[12-18-2022 07:31:39] [Zone] [Info] [Attack] Should have attempted to do OOS check
[12-18-2022 07:31:42] [Zone] [Info] [Attack] Should have attempted to do OOS check
[12-18-2022 07:31:56] [Zone] [Info] [Attack] Should have attempted to do OOS check
[12-18-2022 07:32:54] [Zone] [Info] [Attack] Should have attempted to do OOS check
[12-18-2022 07:33:06] [Zone] [Info] [Attack] Should have attempted to do OOS check
[12-18-2022 07:33:40] [Zone] [Info] [Attack] Should have attempted to do OOS check
[12-18-2022 07:34:16] [Zone] [Info] [Attack] Should have attempted to do OOS check
[12-18-2022 07:34:20] [Zone] [Info] [Attack] Should have attempted to do OOS check
[12-18-2022 07:35:36] [Zone] [Info] [Attack] Should have attempted to do OOS check
[12-18-2022 07:35:37] [Zone] [Info] [Attack] Should have attempted to do OOS check
[12-18-2022 07:35:56] [Zone] [Info] [Attack] Should have attempted to do OOS check
[12-18-2022 07:36:04] [Zone] [Info] [Attack] Should have attempted to do OOS check
[12-18-2022 07:36:40] [Zone] [Info] [Attack] Should have attempted to do OOS check
[12-18-2022 07:36:56] [Zone] [Info] [Attack] Should have attempted to do OOS check
[12-18-2022 07:37:20] [Zone] [Info] [Attack] Should have attempted to do OOS check
[12-18-2022 07:37:23] [Zone] [Info] [Attack] Should have attempted to do OOS check
[12-18-2022 07:37:25] [Zone] [Info] [Attack] Should have attempted to do OOS check
[12-18-2022 07:37:27] [Zone] [Info] [Attack] Should have attempted to do OOS check
[12-18-2022 07:37:29] [Zone] [Info] [Attack] Should have attempted to do OOS check
[12-18-2022 07:37:45] [Zone] [Info] [Attack] Should have attempted to do OOS check
[12-18-2022 07:37:49] [Zone] [Info] [Attack] Should have attempted to do OOS check
[12-18-2022 07:38:05] [Zone] [Info] [Attack] Should have attempted to do OOS check
[12-18-2022 07:38:25] [Zone] [Info] [Attack] Should have attempted to do OOS check
[12-18-2022 07:38:25] [Zone] [Info] [Attack] Should have attempted to do OOS check
[12-18-2022 07:38:26] [Zone] [Info] [Attack] Should have attempted to do OOS check
[12-18-2022 07:38:44] [Zone] [Info] [Attack] Should have attempted to do OOS check
[12-18-2022 07:38:53] [Zone] [Info] [Attack] Should have attempted to do OOS check
[12-18-2022 07:39:06] [Zone] [Info] [Attack] Should have attempted to do OOS check
[12-18-2022 07:39:23] [Zone] [Info] [Attack] Should have attempted to do OOS check
[12-18-2022 07:39:54] [Zone] [Info] [Attack] Should have attempted to do OOS check
[12-18-2022 07:39:57] [Zone] [Info] [Attack] Should have attempted to do OOS check
[12-18-2022 07:40:28] [Zone] [Info] [Attack] Should have attempted to do OOS check
[12-18-2022 07:40:31] [Zone] [Info] [Attack] Should have attempted to do OOS check
[12-18-2022 07:40:58] [Zone] [Info] [Attack] Should have attempted to do OOS check
[12-18-2022 07:41:17] [Zone] [Info] [Attack] Should have attempted to do OOS check
[12-18-2022 07:41:22] [Zone] [Info] [Attack] Should have attempted to do OOS check
[12-18-2022 07:42:02] [Zone] [Info] [Attack] Should have attempted to do OOS check
[12-18-2022 07:42:06] [Zone] [Info] [Attack] Should have attempted to do OOS check
[12-18-2022 07:42:19] [Zone] [Info] [Attack] Should have attempted to do OOS check
[12-18-2022 07:42:24] [Zone] [Info] [Attack] Should have attempted to do OOS check
[12-18-2022 07:42:28] [Zone] [Info] [Attack] Should have attempted to do OOS check
[12-18-2022 07:42:28] [Zone] [Info] [Attack] Should have attempted to do OOS check
[12-18-2022 07:42:36] [Zone] [Info] [Attack] Should have attempted to do OOS check
[12-18-2022 07:42:52] [Zone] [Info] [Attack] Should have attempted to do OOS check
[12-18-2022 07:42:59] [Zone] [Info] [Attack] Should have attempted to do OOS check
[12-18-2022 07:43:03] [Zone] [Info] [Attack] Should have attempted to do OOS check
[12-18-2022 07:43:11] [Zone] [Info] [Attack] Should have attempted to do OOS check
[12-18-2022 07:43:12] [Zone] [Info] [Attack] Should have attempted to do OOS check
[12-18-2022 07:43:12] [Zone] [Info] [Attack] Should have attempted to do OOS check
[12-18-2022 07:43:24] [Zone] [Info] [Attack] Should have attempted to do OOS check
[12-18-2022 07:43:27] [Zone] [Info] [Attack] Should have attempted to do OOS check
[12-18-2022 07:43:54] [Zone] [Info] [Attack] Should have attempted to do OOS check
[12-18-2022 07:43:54] [Zone] [Info] [Attack] Should have attempted to do OOS check
[12-18-2022 07:44:05] [Zone] [Info] [Attack] Should have attempted to do OOS check
[12-18-2022 07:44:11] [Zone] [Info] [Attack] Should have attempted to do OOS check
[12-18-2022 07:44:31] [Zone] [Info] [Attack] Should have attempted to do OOS check
[12-18-2022 07:44:33] [Zone] [Info] [Attack] Should have attempted to do OOS check
[12-18-2022 07:44:45] [Zone] [Info] [Attack] Should have attempted to do OOS check
[12-18-2022 07:44:46] [Zone] [Info] [Attack] Should have attempted to do OOS check
[12-18-2022 07:45:02] [Zone] [Info] [Attack] Should have attempted to do OOS check
[12-18-2022 07:45:21] [Zone] [Info] [Attack] Should have attempted to do OOS check
[12-18-2022 07:45:27] [Zone] [Info] [Attack] Should have attempted to do OOS check
[12-18-2022 07:45:30] [Zone] [Info] [Attack] Should have attempted to do OOS check
[12-18-2022 07:45:34] [Zone] [Info] [Attack] Should have attempted to do OOS check
[12-18-2022 07:45:38] [Zone] [Info] [Attack] Should have attempted to do OOS check
[12-18-2022 07:45:58] [Zone] [Info] [Attack] Should have attempted to do OOS check
[12-18-2022 07:46:01] [Zone] [Info] [Attack] Should have attempted to do OOS check
[12-18-2022 07:46:14] [Zone] [Info] [Attack] Should have attempted to do OOS check
[12-18-2022 07:46:29] [Zone] [Info] [Attack] Should have attempted to do OOS check
[12-18-2022 07:46:53] [Zone] [Info] [Attack] Should have attempted to do OOS check
[12-18-2022 07:46:55] [Zone] [Info] [Attack] Should have attempted to do OOS check
[12-18-2022 07:46:56] [Zone] [Info] [Attack] Should have attempted to do OOS check
[12-18-2022 07:47:04] [Zone] [Info] [Attack] Should have attempted to do OOS check
[12-18-2022 07:47:23] [Zone] [Info] [Attack] Should have attempted to do OOS check
[12-18-2022 07:47:29] [Zone] [Info] [Attack] Should have attempted to do OOS check
[12-18-2022 07:47:57] [Zone] [Info] [Attack] Should have attempted to do OOS check
[12-18-2022 07:48:08] [Zone] [Info] [Attack] Should have attempted to do OOS check
[12-18-2022 07:48:08] [Zone] [Info] [Attack] Should have attempted to do OOS check
[12-18-2022 07:48:25] [Zone] [Info] [Attack] Should have attempted to do OOS check
[12-18-2022 07:49:41] [Zone] [Info] [Attack] Should have attempted to do OOS check
[12-18-2022 07:49:47] [Zone] [Info] [Attack] Should have attempted to do OOS check
[12-18-2022 07:49:48] [Zone] [Info] [Attack] Should have attempted to do OOS check
[12-18-2022 07:50:14] [Zone] [Info] [Attack] Should have attempted to do OOS check
[12-18-2022 07:50:22] [Zone] [Info] [Attack] Should have attempted to do OOS check
[12-18-2022 07:50:33] [Zone] [Info] [Attack] Should have attempted to do OOS check
[12-18-2022 07:50:38] [Zone] [Info] [Attack] Should have attempted to do OOS check
[12-18-2022 07:50:54] [Zone] [Info] [Attack] Should have attempted to do OOS check
[12-18-2022 07:50:56] [Zone] [Info] [Attack] Should have attempted to do OOS check
[12-18-2022 07:51:00] [Zone] [Info] [Attack] Should have attempted to do OOS check
[12-18-2022 07:51:25] [Zone] [Info] [Attack] Should have attempted to do OOS check
[12-18-2022 07:51:34] [Zone] [Info] [Attack] Should have attempted to do OOS check
[12-18-2022 07:51:50] [Zone] [Info] [Attack] Should have attempted to do OOS check
[12-18-2022 07:51:51] [Zone] [Info] [Attack] Should have attempted to do OOS check
[12-18-2022 07:51:55] [Zone] [Info] [Attack] Should have attempted to do OOS check
[12-18-2022 07:52:07] [Zone] [Info] [Attack] Should have attempted to do OOS check
[12-18-2022 07:52:08] [Zone] [Info] [Attack] Should have attempted to do OOS check
[12-18-2022 07:52:11] [Zone] [Info] [Attack] Should have attempted to do OOS check
[12-18-2022 07:52:40] [Zone] [Info] [Attack] Should have attempted to do OOS check
[12-18-2022 07:52:51] [Zone] [Info] [Attack] Should have attempted to do OOS check
[12-18-2022 07:53:03] [Zone] [Info] [Attack] Should have attempted to do OOS check
[12-18-2022 07:53:26] [Zone] [Info] [Attack] Should have attempted to do OOS check
[12-18-2022 07:53:39] [Zone] [Info] [Attack] Should have attempted to do OOS check
[12-18-2022 07:54:43] [Zone] [Info] [Attack] Should have attempted to do OOS check
[12-18-2022 07:55:15] [Zone] [Info] [Attack] Should have attempted to do OOS check
[12-18-2022 07:55:17] [Zone] [Info] [Attack] Should have attempted to do OOS check
[12-18-2022 07:55:53] [Zone] [Info] [Attack] Should have attempted to do OOS check
[12-18-2022 07:56:04] [Zone] [Info] [Attack] Should have attempted to do OOS check
[12-18-2022 07:56:09] [Zone] [Info] [Attack] Should have attempted to do OOS check
[12-18-2022 07:56:27] [Zone] [Info] [Attack] Should have attempted to do OOS check
[12-18-2022 07:56:28] [Zone] [Info] [Attack] Should have attempted to do OOS check
[12-18-2022 07:56:38] [Zone] [Info] [Attack] Should have attempted to do OOS check
[12-18-2022 07:56:41] [Zone] [Info] [Attack] Should have attempted to do OOS check
[12-18-2022 07:56:52] [Zone] [Info] [Attack] Should have attempted to do OOS check
[12-18-2022 07:56:52] [Zone] [Info] [Attack] Should have attempted to do OOS check
[12-18-2022 07:57:41] [Zone] [Info] [Attack] Should have attempted to do OOS check
[12-18-2022 07:58:00] [Zone] [Info] [Attack] Should have attempted to do OOS check
[12-18-2022 07:58:39] [Zone] [Info] [Attack] Should have attempted to do OOS check
[12-18-2022 07:58:51] [Zone] [Info] [Attack] Should have attempted to do OOS check
[12-18-2022 07:58:52] [Zone] [Info] [Attack] Should have attempted to do OOS check
[12-18-2022 07:59:08] [Zone] [Info] [Attack] Should have attempted to do OOS check
[12-18-2022 07:59:56] [Zone] [Info] [Attack] Should have attempted to do OOS check
[12-18-2022 08:00:03] [Zone] [Info] [Attack] Should have attempted to do OOS check
[12-18-2022 08:00:39] [Zone] [Info] [Attack] Should have attempted to do OOS check
[12-18-2022 08:00:52] [Zone] [Info] [Attack] Should have attempted to do OOS check
[12-18-2022 08:01:03] [Zone] [Info] [Attack] Should have attempted to do OOS check
[12-18-2022 08:01:31] [Zone] [Info] [Attack] Should have attempted to do OOS check
[12-18-2022 08:01:51] [Zone] [Info] [Attack] Should have attempted to do OOS check
[12-18-2022 08:01:53] [Zone] [Info] [Attack] Should have attempted to do OOS check
[12-18-2022 08:01:54] [Zone] [Info] [Attack] Should have attempted to do OOS check
[12-18-2022 08:02:02] [Zone] [Info] [Attack] Should have attempted to do OOS check
[12-18-2022 08:02:25] [Zone] [Info] [Attack] Should have attempted to do OOS check
[12-18-2022 08:02:45] [Zone] [Info] [Attack] Should have attempted to do OOS check
[12-18-2022 08:02:50] [Zone] [Info] [Attack] Should have attempted to do OOS check
[12-18-2022 08:03:03] [Zone] [Info] [Attack] Should have attempted to do OOS check
[12-18-2022 08:03:04] [Zone] [Info] [Attack] Should have attempted to do OOS check
[12-18-2022 08:03:08] [Zone] [Info] [Attack] Should have attempted to do OOS check
[12-18-2022 08:03:09] [Zone] [Info] [Attack] Should have attempted to do OOS check
[12-18-2022 08:03:42] [Zone] [Info] [Attack] Should have attempted to do OOS check
[12-18-2022 08:03:44] [Zone] [Info] [Attack] Should have attempted to do OOS check
[12-18-2022 08:04:05] [Zone] [Info] [Attack] Should have attempted to do OOS check
[12-18-2022 08:04:08] [Zone] [Info] [Attack] Should have attempted to do OOS check
[12-18-2022 08:04:08] [Zone] [Info] [Attack] Should have attempted to do OOS check
[12-18-2022 08:04:17] [Zone] [Info] [Attack] Should have attempted to do OOS check
[12-18-2022 08:04:22] [Zone] [Info] [Attack] Should have attempted to do OOS check
[12-18-2022 08:04:25] [Zone] [Info] [Attack] Should have attempted to do OOS check
[12-18-2022 08:04:26] [Zone] [Info] [Attack] Should have attempted to do OOS check
[12-18-2022 08:04:30] [Zone] [Info] [Attack] Should have attempted to do OOS check
[12-18-2022 08:04:43] [Zone] [Info] [Attack] Should have attempted to do OOS check
[12-18-2022 08:04:45] [Zone] [Info] [Attack] Should have attempted to do OOS check
[12-18-2022 08:05:04] [Zone] [Info] [Attack] Should have attempted to do OOS check
[12-18-2022 08:05:06] [Zone] [Info] [Attack] Should have attempted to do OOS check
[12-18-2022 08:05:11] [Zone] [Info] [Attack] Should have attempted to do OOS check
[12-18-2022 08:05:18] [Zone] [Info] [Attack] Should have attempted to do OOS check
[12-18-2022 08:05:18] [Zone] [Info] [Attack] Should have attempted to do OOS check
[12-18-2022 08:06:12] [Zone] [Info] [Attack] Should have attempted to do OOS check
[12-18-2022 08:06:24] [Zone] [Info] [Attack] Should have attempted to do OOS check
[12-18-2022 08:06:26] [Zone] [Info] [Attack] Should have attempted to do OOS check
[12-18-2022 08:06:26] [Zone] [Info] [Attack] Should have attempted to do OOS check
[12-18-2022 08:06:34] [Zone] [Info] [Attack] Should have attempted to do OOS check
[12-18-2022 08:06:45] [Zone] [Info] [Attack] Should have attempted to do OOS check
[12-18-2022 08:07:36] [Zone] [Info] [Attack] Should have attempted to do OOS check
[12-18-2022 08:07:53] [Zone] [Info] [Attack] Should have attempted to do OOS check
[12-18-2022 08:07:55] [Zone] [Info] [Attack] Should have attempted to do OOS check
[12-18-2022 08:08:37] [Zone] [Info] [Attack] Should have attempted to do OOS check
[12-18-2022 08:08:46] [Zone] [Info] [Attack] Should have attempted to do OOS check
[12-18-2022 08:08:54] [Zone] [Info] [Attack] Should have attempted to do OOS check
[12-18-2022 08:09:36] [Zone] [Info] [Attack] Should have attempted to do OOS check
[12-18-2022 08:09:39] [Zone] [Info] [Attack] Should have attempted to do OOS check
[12-18-2022 08:09:48] [Zone] [Info] [Attack] Should have attempted to do OOS check
[12-18-2022 08:10:00] [Zone] [Info] [Attack] Should have attempted to do OOS check
[12-18-2022 08:10:01] [Zone] [Info] [Attack] Should have attempted to do OOS check
[12-18-2022 08:10:02] [Zone] [Info] [Attack] Should have attempted to do OOS check
[12-18-2022 08:10:24] [Zone] [Info] [Attack] Should have attempted to do OOS check
[12-18-2022 08:10:30] [Zone] [Info] [Attack] Should have attempted to do OOS check
[12-18-2022 08:10:38] [Zone] [Info] [Attack] Should have attempted to do OOS check
[12-18-2022 08:10:50] [Zone] [Info] [Attack] Should have attempted to do OOS check
[12-18-2022 08:10:52] [Zone] [Info] [Attack] Should have attempted to do OOS check
[12-18-2022 08:11:03] [Zone] [Info] [Attack] Should have attempted to do OOS check
[12-18-2022 08:11:20] [Zone] [Info] [Attack] Should have attempted to do OOS check
[12-18-2022 08:11:22] [Zone] [Info] [Attack] Should have attempted to do OOS check
[12-18-2022 08:12:48] [Zone] [Info] [Attack] Should have attempted to do OOS check
[12-18-2022 08:13:06] [Zone] [Info] [Attack] Should have attempted to do OOS check
[12-18-2022 08:13:15] [Zone] [Info] [Attack] Should have attempted to do OOS check
[12-18-2022 08:13:25] [Zone] [Info] [Attack] Should have attempted to do OOS check
[12-18-2022 08:13:26] [Zone] [Info] [Attack] Should have attempted to do OOS check
[12-18-2022 08:13:54] [Zone] [Info] [Attack] Should have attempted to do OOS check
[12-18-2022 08:13:59] [Zone] [Info] [Attack] Should have attempted to do OOS check
[12-18-2022 08:14:10] [Zone] [Info] [Attack] Should have attempted to do OOS check
[12-18-2022 08:14:17] [Zone] [Info] [Attack] Should have attempted to do OOS check
[12-18-2022 08:14:20] [Zone] [Info] [Attack] Should have attempted to do OOS check
[12-18-2022 08:14:25] [Zone] [Info] [Attack] Should have attempted to do OOS check
[12-18-2022 08:15:50] [Zone] [Info] [Attack] Should have attempted to do OOS check
[12-18-2022 08:16:13] [Zone] [Info] [Attack] Should have attempted to do OOS check
[12-18-2022 08:16:22] [Zone] [Info] [Attack] Should have attempted to do OOS check
[12-18-2022 08:16:26] [Zone] [Info] [Attack] Should have attempted to do OOS check
[12-18-2022 08:16:44] [Zone] [Info] [Attack] Should have attempted to do OOS check
[12-18-2022 08:16:47] [Zone] [Info] [Attack] Should have attempted to do OOS check
[12-18-2022 08:16:55] [Zone] [Info] [Attack] Should have attempted to do OOS check
[12-18-2022 08:16:56] [Zone] [Info] [ResetShutdownTimer] Reset to [1 Hour] from original remaining time [1 Hour] duration [1 Hour] zone [PID (11092) Firiona Vie (84)]
[12-18-2022 08:17:27] [Zone] [Info] [Attack] Should have attempted to do OOS check
[12-18-2022 08:17:52] [Zone] [Info] [Attack] Should have attempted to do OOS check
[12-18-2022 08:17:58] [Zone] [Info] [Attack] Should have attempted to do OOS check
[12-18-2022 08:18:04] [Zone] [Info] [Attack] Should have attempted to do OOS check
[12-18-2022 08:18:20] [Zone] [Info] [Attack] Should have attempted to do OOS check
[12-18-2022 08:18:26] [Zone] [Info] [Attack] Should have attempted to do OOS check
[12-18-2022 08:18:33] [Zone] [Info] [Attack] Should have attempted to do OOS check
[12-18-2022 08:18:38] [Zone] [Info] [Attack] Should have attempted to do OOS check
[12-18-2022 08:18:50] [Zone] [Info] [Attack] Should have attempted to do OOS check
[12-18-2022 08:19:29] [Zone] [Info] [Attack] Should have attempted to do OOS check
[12-18-2022 08:19:45] [Zone] [Info] [Attack] Should have attempted to do OOS check
[12-18-2022 08:20:00] [Zone] [Info] [Attack] Should have attempted to do OOS check
[12-18-2022 08:20:18] [Zone] [Info] [Attack] Should have attempted to do OOS check
[12-18-2022 08:20:30] [Zone] [Info] [Attack] Should have attempted to do OOS check
[12-18-2022 08:20:42] [Zone] [Info] [Attack] Should have attempted to do OOS check
[12-18-2022 08:20:53] [Zone] [Info] [Attack] Should have attempted to do OOS check
[12-18-2022 08:21:02] [Zone] [Info] [Attack] Should have attempted to do OOS check
[12-18-2022 08:21:21] [Zone] [Info] [Attack] Should have attempted to do OOS check
[12-18-2022 08:21:25] [Zone] [Info] [Attack] Should have attempted to do OOS check
[12-18-2022 08:21:35] [Zone] [Info] [Attack] Should have attempted to do OOS check
[12-18-2022 08:21:49] [Zone] [Info] [Attack] Should have attempted to do OOS check
[12-18-2022 08:22:08] [Zone] [Info] [Attack] Should have attempted to do OOS check
[12-18-2022 08:22:19] [Zone] [Info] [Attack] Should have attempted to do OOS check
[12-18-2022 08:22:40] [Zone] [Info] [Attack] Should have attempted to do OOS check
[12-18-2022 08:23:00] [Zone] [Info] [Attack] Should have attempted to do OOS check
[12-18-2022 08:23:10] [Zone] [Info] [Attack] Should have attempted to do OOS check
[12-18-2022 08:23:15] [Zone] [Info] [Attack] Should have attempted to do OOS check
[12-18-2022 08:23:19] [Zone] [Info] [Attack] Should have attempted to do OOS check
[12-18-2022 08:23:21] [Zone] [Info] [Attack] Should have attempted to do OOS check
[12-18-2022 08:23:33] [Zone] [Info] [Attack] Should have attempted to do OOS check
[12-18-2022 08:23:38] [Zone] [Info] [Attack] Should have attempted to do OOS check
[12-18-2022 08:24:07] [Zone] [Info] [Attack] Should have attempted to do OOS check
[12-18-2022 08:24:11] [Zone] [Info] [Attack] Should have attempted to do OOS check
[12-18-2022 08:24:24] [Zone] [Info] [Attack] Should have attempted to do OOS check
[12-18-2022 08:24:58] [Zone] [Info] [Attack] Should have attempted to do OOS check
[12-18-2022 08:25:01] [Zone] [Info] [Attack] Should have attempted to do OOS check
[12-18-2022 08:25:03] [Zone] [Info] [Attack] Should have attempted to do OOS check
[12-18-2022 08:25:24] [Zone] [Info] [Attack] Should have attempted to do OOS check
[12-18-2022 08:25:26] [Zone] [Info] [Attack] Should have attempted to do OOS check
[12-18-2022 08:25:41] [Zone] [Info] [Attack] Should have attempted to do OOS check
[12-18-2022 08:26:29] [Zone] [Info] [Attack] Should have attempted to do OOS check
[12-18-2022 08:26:32] [Zone] [Info] [Attack] Should have attempted to do OOS check
[12-18-2022 08:26:37] [Zone] [Info] [Attack] Should have attempted to do OOS check
[12-18-2022 08:26:51] [Zone] [Info] [Attack] Should have attempted to do OOS check
[12-18-2022 08:26:53] [Zone] [Info] [Attack] Should have attempted to do OOS check
[12-18-2022 08:27:12] [Zone] [Info] [Attack] Should have attempted to do OOS check
[12-18-2022 08:27:26] [Zone] [Info] [Attack] Should have attempted to do OOS check
[12-18-2022 08:27:37] [Zone] [Info] [Attack] Should have attempted to do OOS check
[12-18-2022 08:27:38] [Zone] [Info] [Attack] Should have attempted to do OOS check
[12-18-2022 08:27:42] [Zone] [Info] [Attack] Should have attempted to do OOS check
[12-18-2022 08:27:51] [Zone] [Info] [Attack] Should have attempted to do OOS check
[12-18-2022 08:28:38] [Zone] [Info] [Attack] Should have attempted to do OOS check
[12-18-2022 08:29:04] [Zone] [Info] [Attack] Should have attempted to do OOS check
[12-18-2022 08:29:15] [Zone] [Info] [Attack] Should have attempted to do OOS check
[12-18-2022 08:29:16] [Zone] [Info] [Attack] Should have attempted to do OOS check
[12-18-2022 08:29:17] [Zone] [Info] [Attack] Should have attempted to do OOS check
[12-18-2022 08:29:28] [Zone] [Info] [Attack] Should have attempted to do OOS check
[12-18-2022 08:30:11] [Zone] [Info] [Attack] Should have attempted to do OOS check
[12-18-2022 08:30:21] [Zone] [Info] [Attack] Should have attempted to do OOS check
[12-18-2022 08:30:35] [Zone] [Info] [Attack] Should have attempted to do OOS check
[12-18-2022 08:30:39] [Zone] [Info] [Attack] Should have attempted to do OOS check
[12-18-2022 08:31:01] [Zone] [Info] [Attack] Should have attempted to do OOS check
[12-18-2022 08:31:14] [Zone] [Info] [Attack] Should have attempted to do OOS check
[12-18-2022 08:31:24] [Zone] [Info] [Attack] Should have attempted to do OOS check
[12-18-2022 08:31:24] [Zone] [Info] [Attack] Should have attempted to do OOS check
[12-18-2022 08:31:34] [Zone] [Info] [Attack] Should have attempted to do OOS check
[12-18-2022 08:31:39] [Zone] [Info] [Attack] Should have attempted to do OOS check
[12-18-2022 08:31:45] [Zone] [Info] [Attack] Should have attempted to do OOS check
[12-18-2022 08:31:55] [Zone] [Info] [Attack] Should have attempted to do OOS check
[12-18-2022 08:31:57] [Zone] [Info] [Attack] Should have attempted to do OOS check
[12-18-2022 08:32:07] [Zone] [Info] [Attack] Should have attempted to do OOS check
[12-18-2022 08:32:26] [Zone] [Info] [Attack] Should have attempted to do OOS check
[12-18-2022 08:32:44] [Zone] [Info] [Attack] Should have attempted to do OOS check
[12-18-2022 08:33:02] [Zone] [Info] [Attack] Should have attempted to do OOS check
[12-18-2022 08:33:10] [Zone] [Info] [Attack] Should have attempted to do OOS check
[12-18-2022 08:33:47] [Zone] [Info] [Attack] Should have attempted to do OOS check
[12-18-2022 08:33:59] [Zone] [Info] [Attack] Should have attempted to do OOS check
[12-18-2022 08:34:01] [Zone] [Info] [Attack] Should have attempted to do OOS check
[12-18-2022 08:34:33] [Zone] [Info] [Attack] Should have attempted to do OOS check
[12-18-2022 08:34:56] [Zone] [Info] [Attack] Should have attempted to do OOS check
[12-18-2022 08:35:04] [Zone] [Info] [Attack] Should have attempted to do OOS check
[12-18-2022 08:35:35] [Zone] [Info] [Attack] Should have attempted to do OOS check
[12-18-2022 08:36:11] [Zone] [Info] [Attack] Should have attempted to do OOS check
[12-18-2022 08:36:27] [Zone] [Info] [Attack] Should have attempted to do OOS check
[12-18-2022 08:36:39] [Zone] [Info] [Attack] Should have attempted to do OOS check
[12-18-2022 08:36:53] [Zone] [Info] [Attack] Should have attempted to do OOS check
[12-18-2022 08:37:00] [Zone] [Info] [Attack] Should have attempted to do OOS check
[12-18-2022 08:37:12] [Zone] [Info] [Attack] Should have attempted to do OOS check
[12-18-2022 08:37:21] [Zone] [Info] [Attack] Should have attempted to do OOS check
[12-18-2022 08:37:22] [Zone] [Info] [Attack] Should have attempted to do OOS check
[12-18-2022 08:37:40] [Zone] [Info] [Attack] Should have attempted to do OOS check
[12-18-2022 08:37:44] [Zone] [Info] [Attack] Should have attempted to do OOS check
[12-18-2022 08:38:44] [Zone] [Info] [Attack] Should have attempted to do OOS check
[12-18-2022 08:38:47] [Zone] [Info] [Attack] Should have attempted to do OOS check
[12-18-2022 08:38:56] [Zone] [Info] [Attack] Should have attempted to do OOS check
[12-18-2022 08:39:06] [Zone] [Info] [Attack] Should have attempted to do OOS check
[12-18-2022 08:39:07] [Zone] [Info] [Attack] Should have attempted to do OOS check
[12-18-2022 08:39:22] [Zone] [Info] [Attack] Should have attempted to do OOS check
[12-18-2022 08:39:27] [Zone] [Info] [Attack] Should have attempted to do OOS check
[12-18-2022 08:39:33] [Zone] [Info] [Attack] Should have attempted to do OOS check
[12-18-2022 08:39:33] [Zone] [Info] [Attack] Should have attempted to do OOS check
[12-18-2022 08:40:02] [Zone] [Info] [Attack] Should have attempted to do OOS check
[12-18-2022 08:40:30] [Zone] [Info] [Attack] Should have attempted to do OOS check
[12-18-2022 08:41:01] [Zone] [Info] [Attack] Should have attempted to do OOS check
[12-18-2022 08:42:57] [Zone] [Info] [Attack] Should have attempted to do OOS check
[12-18-2022 08:42:58] [Zone] [Info] [Attack] Should have attempted to do OOS check
[12-18-2022 08:43:05] [Zone] [Info] [Attack] Should have attempted to do OOS check
[12-18-2022 08:43:45] [Zone] [Info] [Attack] Should have attempted to do OOS check
[12-18-2022 08:43:52] [Zone] [Info] [Attack] Should have attempted to do OOS check
[12-18-2022 08:44:00] [Zone] [Info] [Attack] Should have attempted to do OOS check
[12-18-2022 08:44:01] [Zone] [Info] [Attack] Should have attempted to do OOS check
[12-18-2022 08:44:06] [Zone] [Info] [Attack] Should have attempted to do OOS check
[12-18-2022 08:44:07] [Zone] [Info] [Attack] Should have attempted to do OOS check
[12-18-2022 08:44:24] [Zone] [Info] [Attack] Should have attempted to do OOS check
[12-18-2022 08:44:26] [Zone] [Info] [Attack] Should have attempted to do OOS check
[12-18-2022 08:44:30] [Zone] [Info] [Attack] Should have attempted to do OOS check
[12-18-2022 08:44:32] [Zone] [Info] [Attack] Should have attempted to do OOS check
[12-18-2022 08:44:41] [Zone] [Info] [Attack] Should have attempted to do OOS check
[12-18-2022 08:45:09] [Zone] [Info] [Attack] Should have attempted to do OOS check
[12-18-2022 08:45:12] [Zone] [Info] [Attack] Should have attempted to do OOS check
[12-18-2022 08:45:25] [Zone] [Info] [Attack] Should have attempted to do OOS check
[12-18-2022 08:45:27] [Zone] [Info] [Attack] Should have attempted to do OOS check
[12-18-2022 08:45:35] [Zone] [Info] [Attack] Should have attempted to do OOS check
[12-18-2022 08:45:46] [Zone] [Info] [Attack] Should have attempted to do OOS check
[12-18-2022 08:46:02] [Zone] [Info] [Attack] Should have attempted to do OOS check
[12-18-2022 08:46:16] [Zone] [Info] [Attack] Should have attempted to do OOS check
[12-18-2022 08:46:36] [Zone] [Info] [Attack] Should have attempted to do OOS check
[12-18-2022 08:46:49] [Zone] [Info] [Attack] Should have attempted to do OOS check
[12-18-2022 08:46:51] [Zone] [Info] [Attack] Should have attempted to do OOS check
[12-18-2022 08:46:56] [Zone] [Info] [Attack] Should have attempted to do OOS check
[12-18-2022 08:47:03] [Zone] [Info] [Attack] Should have attempted to do OOS check
[12-18-2022 08:47:15] [Zone] [Info] [Attack] Should have attempted to do OOS check
[12-18-2022 08:47:38] [Zone] [Info] [Attack] Should have attempted to do OOS check
[12-18-2022 08:47:38] [Zone] [Info] [Attack] Should have attempted to do OOS check
[12-18-2022 08:47:45] [Zone] [Info] [Attack] Should have attempted to do OOS check
[12-18-2022 08:47:46] [Zone] [Info] [Attack] Should have attempted to do OOS check
[12-18-2022 08:48:08] [Zone] [Info] [Attack] Should have attempted to do OOS check
[12-18-2022 08:48:29] [Zone] [Info] [Attack] Should have attempted to do OOS check
[12-18-2022 08:48:45] [Zone] [Info] [Attack] Should have attempted to do OOS check
[12-18-2022 08:48:51] [Zone] [Info] [Attack] Should have attempted to do OOS check
[12-18-2022 08:48:59] [Zone] [Info] [Attack] Should have attempted to do OOS check
[12-18-2022 08:49:00] [Zone] [Info] [Attack] Should have attempted to do OOS check
[12-18-2022 08:49:46] [Zone] [Info] [Attack] Should have attempted to do OOS check
[12-18-2022 08:49:52] [Zone] [Info] [Attack] Should have attempted to do OOS check
[12-18-2022 08:49:54] [Zone] [Info] [Attack] Should have attempted to do OOS check
[12-18-2022 08:50:00] [Zone] [Info] [Attack] Should have attempted to do OOS check
[12-18-2022 08:50:16] [Zone] [Info] [Attack] Should have attempted to do OOS check
[12-18-2022 08:50:27] [Zone] [Info] [Attack] Should have attempted to do OOS check
[12-18-2022 08:50:45] [Zone] [Info] [Attack] Should have attempted to do OOS check
[12-18-2022 08:50:45] [Zone] [Info] [Attack] Should have attempted to do OOS check
[12-18-2022 08:50:46] [Zone] [Info] [Attack] Should have attempted to do OOS check
[12-18-2022 08:50:47] [Zone] [Info] [Attack] Should have attempted to do OOS check
[12-18-2022 08:50:51] [Zone] [Info] [Attack] Should have attempted to do OOS check
[12-18-2022 08:50:56] [Zone] [Info] [Attack] Should have attempted to do OOS check
[12-18-2022 08:50:57] [Zone] [Info] [Attack] Should have attempted to do OOS check
[12-18-2022 08:51:02] [Zone] [Info] [Attack] Should have attempted to do OOS check
[12-18-2022 08:52:09] [Zone] [Info] [Attack] Should have attempted to do OOS check
[12-18-2022 08:52:17] [Zone] [Info] [Attack] Should have attempted to do OOS check
[12-18-2022 08:52:17] [Zone] [Info] [Attack] Should have attempted to do OOS check
[12-18-2022 08:52:26] [Zone] [Info] [Attack] Should have attempted to do OOS check
[12-18-2022 08:52:28] [Zone] [Info] [Attack] Should have attempted to do OOS check
[12-18-2022 08:52:48] [Zone] [Info] [Attack] Should have attempted to do OOS check
[12-18-2022 08:52:50] [Zone] [Info] [Attack] Should have attempted to do OOS check
[12-18-2022 08:52:54] [Zone] [Info] [Attack] Should have attempted to do OOS check
[12-18-2022 08:53:15] [Zone] [Info] [Attack] Should have attempted to do OOS check
[12-18-2022 08:53:20] [Zone] [Info] [Attack] Should have attempted to do OOS check
[12-18-2022 08:53:25] [Zone] [Info] [Attack] Should have attempted to do OOS check
[12-18-2022 08:53:53] [Zone] [Info] [Attack] Should have attempted to do OOS check
[12-18-2022 08:54:19] [Zone] [Info] [Attack] Should have attempted to do OOS check
[12-18-2022 08:54:38] [Zone] [Info] [Attack] Should have attempted to do OOS check
[12-18-2022 08:54:52] [Zone] [Info] [Attack] Should have attempted to do OOS check
[12-18-2022 08:54:59] [Zone] [Info] [Attack] Should have attempted to do OOS check
[12-18-2022 08:55:04] [Zone] [Info] [Attack] Should have attempted to do OOS check
[12-18-2022 08:55:33] [Zone] [Info] [Attack] Should have attempted to do OOS check
[12-18-2022 08:55:43] [Zone] [Info] [Attack] Should have attempted to do OOS check
[12-18-2022 08:55:44] [Zone] [Info] [Attack] Should have attempted to do OOS check
[12-18-2022 08:55:55] [Zone] [Info] [Attack] Should have attempted to do OOS check
[12-18-2022 08:56:15] [Zone] [Info] [Attack] Should have attempted to do OOS check
[12-18-2022 08:56:27] [Zone] [Info] [Attack] Should have attempted to do OOS check
[12-18-2022 08:56:30] [Zone] [Info] [Attack] Should have attempted to do OOS check
[12-18-2022 08:56:35] [Zone] [Info] [Attack] Should have attempted to do OOS check
[12-18-2022 08:57:06] [Zone] [Info] [Attack] Should have attempted to do OOS check
[12-18-2022 08:57:09] [Zone] [Info] [Attack] Should have attempted to do OOS check
[12-18-2022 08:57:43] [Zone] [Info] [Attack] Should have attempted to do OOS check
[12-18-2022 08:58:09] [Zone] [Info] [Attack] Should have attempted to do OOS check
[12-18-2022 08:58:36] [Zone] [Info] [Attack] Should have attempted to do OOS check
[12-18-2022 08:58:42] [Zone] [Info] [Attack] Should have attempted to do OOS check
[12-18-2022 08:58:43] [Zone] [Info] [Attack] Should have attempted to do OOS check
[12-18-2022 08:58:56] [Zone] [Info] [Attack] Should have attempted to do OOS check
[12-18-2022 08:59:06] [Zone] [Info] [Attack] Should have attempted to do OOS check
[12-18-2022 08:59:31] [Zone] [Info] [Attack] Should have attempted to do OOS check
[12-18-2022 08:59:51] [Zone] [Info] [Attack] Should have attempted to do OOS check
[12-18-2022 09:00:37] [Zone] [Info] [Attack] Should have attempted to do OOS check
[12-18-2022 09:00:50] [Zone] [Info] [Attack] Should have attempted to do OOS check
[12-18-2022 09:00:52] [Zone] [Info] [Attack] Should have attempted to do OOS check
[12-18-2022 09:01:01] [Zone] [Info] [Attack] Should have attempted to do OOS check
[12-18-2022 09:01:03] [Zone] [Info] [Attack] Should have attempted to do OOS check
[12-18-2022 09:01:05] [Zone] [Info] [Attack] Should have attempted to do OOS check
[12-18-2022 09:01:58] [Zone] [Info] [Attack] Should have attempted to do OOS check
[12-18-2022 09:02:07] [Zone] [Info] [Attack] Should have attempted to do OOS check
[12-18-2022 09:02:51] [Zone] [Info] [Attack] Should have attempted to do OOS check
[12-18-2022 09:03:04] [Zone] [Info] [Attack] Should have attempted to do OOS check
[12-18-2022 09:03:33] [Zone] [Info] [Attack] Should have attempted to do OOS check
[12-18-2022 09:03:49] [Zone] [Info] [Attack] Should have attempted to do OOS check
[12-18-2022 09:03:55] [Zone] [Info] [Attack] Should have attempted to do OOS check
[12-18-2022 09:04:06] [Zone] [Info] [Attack] Should have attempted to do OOS check
[12-18-2022 09:04:08] [Zone] [Info] [Attack] Should have attempted to do OOS check
[12-18-2022 09:04:31] [Zone] [Info] [Attack] Should have attempted to do OOS check
[12-18-2022 09:04:36] [Zone] [Info] [Attack] Should have attempted to do OOS check
[12-18-2022 09:04:54] [Zone] [Info] [Attack] Should have attempted to do OOS check
[12-18-2022 09:05:11] [Zone] [Info] [Attack] Should have attempted to do OOS check
[12-18-2022 09:05:33] [Zone] [Info] [Attack] Should have attempted to do OOS check
[12-18-2022 09:05:54] [Zone] [Info] [Attack] Should have attempted to do OOS check
[12-18-2022 09:06:05] [Zone] [Info] [Attack] Should have attempted to do OOS check
[12-18-2022 09:06:28] [Zone] [Info] [Attack] Should have attempted to do OOS check
[12-18-2022 09:06:42] [Zone] [Info] [Attack] Should have attempted to do OOS check
[12-18-2022 09:06:52] [Zone] [Info] [Attack] Should have attempted to do OOS check
[12-18-2022 09:06:57] [Zone] [Info] [Attack] Should have attempted to do OOS check
[12-18-2022 09:07:18] [Zone] [Info] [Attack] Should have attempted to do OOS check
[12-18-2022 09:07:30] [Zone] [Info] [Attack] Should have attempted to do OOS check
[12-18-2022 09:07:37] [Zone] [Info] [Attack] Should have attempted to do OOS check
[12-18-2022 09:07:55] [Zone] [Info] [Attack] Should have attempted to do OOS check
[12-18-2022 09:07:57] [Zone] [Info] [Attack] Should have attempted to do OOS check
[12-18-2022 09:08:30] [Zone] [Info] [Attack] Should have attempted to do OOS check
[12-18-2022 09:08:58] [Zone] [Info] [Attack] Should have attempted to do OOS check
[12-18-2022 09:09:14] [Zone] [Info] [Attack] Should have attempted to do OOS check
[12-18-2022 09:09:25] [Zone] [Info] [Attack] Should have attempted to do OOS check
[12-18-2022 09:09:34] [Zone] [Info] [Attack] Should have attempted to do OOS check
[12-18-2022 09:10:01] [Zone] [Info] [Attack] Should have attempted to do OOS check
[12-18-2022 09:10:28] [Zone] [Info] [Attack] Should have attempted to do OOS check
[12-18-2022 09:10:30] [Zone] [Info] [Attack] Should have attempted to do OOS check
[12-18-2022 09:10:32] [Zone] [Info] [Attack] Should have attempted to do OOS check
[12-18-2022 09:10:39] [Zone] [Info] [Attack] Should have attempted to do OOS check
[12-18-2022 09:10:46] [Zone] [Info] [Attack] Should have attempted to do OOS check
[12-18-2022 09:10:49] [Zone] [Info] [Attack] Should have attempted to do OOS check
[12-18-2022 09:10:49] [Zone] [Info] [Attack] Should have attempted to do OOS check
[12-18-2022 09:11:05] [Zone] [Info] [Attack] Should have attempted to do OOS check
[12-18-2022 09:11:13] [Zone] [Info] [Attack] Should have attempted to do OOS check
[12-18-2022 09:11:29] [Zone] [Info] [Attack] Should have attempted to do OOS check
[12-18-2022 09:11:49] [Zone] [Info] [Attack] Should have attempted to do OOS check
[12-18-2022 09:12:12] [Zone] [Info] [Attack] Should have attempted to do OOS check
[12-18-2022 09:12:18] [Zone] [Info] [Attack] Should have attempted to do OOS check
[12-18-2022 09:12:19] [Zone] [Info] [Attack] Should have attempted to do OOS check
[12-18-2022 09:12:32] [Zone] [Info] [Attack] Should have attempted to do OOS check
[12-18-2022 09:12:35] [Zone] [Info] [Attack] Should have attempted to do OOS check
[12-18-2022 09:12:48] [Zone] [Info] [Attack] Should have attempted to do OOS check
[12-18-2022 09:12:52] [Zone] [Info] [Attack] Should have attempted to do OOS check
[12-18-2022 09:12:54] [Zone] [Info] [Attack] Should have attempted to do OOS check
[12-18-2022 09:13:07] [Zone] [Info] [Attack] Should have attempted to do OOS check
[12-18-2022 09:13:30] [Zone] [Info] [Attack] Should have attempted to do OOS check
[12-18-2022 09:13:43] [Zone] [Info] [Attack] Should have attempted to do OOS check
[12-18-2022 09:14:01] [Zone] [Info] [Attack] Should have attempted to do OOS check
[12-18-2022 09:14:03] [Zone] [Info] [Attack] Should have attempted to do OOS check
[12-18-2022 09:14:26] [Zone] [Info] [Attack] Should have attempted to do OOS check
[12-18-2022 09:14:38] [Zone] [Info] [Attack] Should have attempted to do OOS check
[12-18-2022 09:14:40] [Zone] [Info] [Attack] Should have attempted to do OOS check
[12-18-2022 09:14:41] [Zone] [Info] [Attack] Should have attempted to do OOS check
[12-18-2022 09:15:12] [Zone] [Info] [Attack] Should have attempted to do OOS check
[12-18-2022 09:15:17] [Zone] [Info] [Attack] Should have attempted to do OOS check
[12-18-2022 09:15:25] [Zone] [Info] [Attack] Should have attempted to do OOS check
[12-18-2022 09:15:33] [Zone] [Info] [Attack] Should have attempted to do OOS check
[12-18-2022 09:15:39] [Zone] [Info] [Attack] Should have attempted to do OOS check
[12-18-2022 09:16:02] [Zone] [Info] [Attack] Should have attempted to do OOS check
[12-18-2022 09:16:50] [Zone] [Info] [Attack] Should have attempted to do OOS check
[12-18-2022 09:16:56] [Zone] [Info] [ResetShutdownTimer] Reset to [1 Hour] from original remaining time [1 Hour] duration [1 Hour] zone [PID (11092) Firiona Vie (84)]
[12-18-2022 09:17:03] [Zone] [Info] [Attack] Should have attempted to do OOS check
[12-18-2022 09:17:04] [Zone] [Info] [Attack] Should have attempted to do OOS check
[12-18-2022 09:17:29] [Zone] [Info] [Attack] Should have attempted to do OOS check
[12-18-2022 09:18:13] [Zone] [Info] [Attack] Should have attempted to do OOS check
[12-18-2022 09:18:19] [Zone] [Info] [Attack] Should have attempted to do OOS check
[12-18-2022 09:18:28] [Zone] [Info] [Attack] Should have attempted to do OOS check
[12-18-2022 09:19:04] [Zone] [Info] [Attack] Should have attempted to do OOS check
[12-18-2022 09:19:24] [Zone] [Info] [Attack] Should have attempted to do OOS check
[12-18-2022 09:19:46] [Zone] [Info] [Attack] Should have attempted to do OOS check
[12-18-2022 09:20:12] [Zone] [Info] [Attack] Should have attempted to do OOS check
[12-18-2022 09:21:44] [Zone] [Info] [Attack] Should have attempted to do OOS check
[12-18-2022 09:21:46] [Zone] [Info] [Attack] Should have attempted to do OOS check
[12-18-2022 09:21:52] [Zone] [Info] [Attack] Should have attempted to do OOS check
[12-18-2022 09:22:13] [Zone] [Info] [Attack] Should have attempted to do OOS check
[12-18-2022 09:22:25] [Zone] [Info] [Attack] Should have attempted to do OOS check
[12-18-2022 09:22:42] [Zone] [Info] [Attack] Should have attempted to do OOS check
[12-18-2022 09:22:45] [Zone] [Info] [Attack] Should have attempted to do OOS check
[12-18-2022 09:22:50] [Zone] [Info] [Attack] Should have attempted to do OOS check
[12-18-2022 09:22:50] [Zone] [Info] [Attack] Should have attempted to do OOS check
[12-18-2022 09:23:13] [Zone] [Info] [Attack] Should have attempted to do OOS check
[12-18-2022 09:23:38] [Zone] [Info] [Attack] Should have attempted to do OOS check
[12-18-2022 09:23:38] [Zone] [Info] [Attack] Should have attempted to do OOS check
[12-18-2022 09:23:44] [Zone] [Info] [Attack] Should have attempted to do OOS check
[12-18-2022 09:24:07] [Zone] [Info] [Attack] Should have attempted to do OOS check
[12-18-2022 09:24:16] [Zone] [Info] [Attack] Should have attempted to do OOS check
[12-18-2022 09:24:41] [Zone] [Info] [Attack] Should have attempted to do OOS check
[12-18-2022 09:25:04] [Zone] [Info] [Attack] Should have attempted to do OOS check
[12-18-2022 09:25:04] [Zone] [Info] [Attack] Should have attempted to do OOS check
[12-18-2022 09:25:08] [Zone] [Info] [Attack] Should have attempted to do OOS check
[12-18-2022 09:25:09] [Zone] [Info] [Attack] Should have attempted to do OOS check
[12-18-2022 09:25:20] [Zone] [Info] [Attack] Should have attempted to do OOS check
[12-18-2022 09:25:27] [Zone] [Info] [Attack] Should have attempted to do OOS check
[12-18-2022 09:25:57] [Zone] [Info] [Attack] Should have attempted to do OOS check
[12-18-2022 09:26:06] [Zone] [Info] [Attack] Should have attempted to do OOS check
[12-18-2022 09:26:11] [Zone] [Info] [Attack] Should have attempted to do OOS check
[12-18-2022 09:26:16] [Zone] [Info] [Attack] Should have attempted to do OOS check
[12-18-2022 09:26:57] [Zone] [Info] [Attack] Should have attempted to do OOS check
[12-18-2022 09:27:03] [Zone] [Info] [Attack] Should have attempted to do OOS check
[12-18-2022 09:27:15] [Zone] [Info] [Attack] Should have attempted to do OOS check
[12-18-2022 09:27:16] [Zone] [Info] [Attack] Should have attempted to do OOS check
[12-18-2022 09:27:23] [Zone] [Info] [Attack] Should have attempted to do OOS check
[12-18-2022 09:27:37] [Zone] [Info] [Attack] Should have attempted to do OOS check
[12-18-2022 09:27:41] [Zone] [Info] [Attack] Should have attempted to do OOS check
[12-18-2022 09:28:03] [Zone] [Info] [Attack] Should have attempted to do OOS check
[12-18-2022 09:28:07] [Zone] [Info] [Attack] Should have attempted to do OOS check
[12-18-2022 09:29:20] [Zone] [Info] [Attack] Should have attempted to do OOS check
[12-18-2022 09:29:28] [Zone] [Info] [Attack] Should have attempted to do OOS check
[12-18-2022 09:29:30] [Zone] [Info] [Attack] Should have attempted to do OOS check
[12-18-2022 09:29:50] [Zone] [Info] [Attack] Should have attempted to do OOS check
[12-18-2022 09:29:54] [Zone] [Info] [Attack] Should have attempted to do OOS check
[12-18-2022 09:30:19] [Zone] [Info] [Attack] Should have attempted to do OOS check
[12-18-2022 09:30:40] [Zone] [Info] [Attack] Should have attempted to do OOS check
[12-18-2022 09:30:50] [Zone] [Info] [Attack] Should have attempted to do OOS check
[12-18-2022 09:31:16] [Zone] [Info] [Attack] Should have attempted to do OOS check
[12-18-2022 09:31:24] [Zone] [Info] [Attack] Should have attempted to do OOS check
[12-18-2022 09:31:31] [Zone] [Info] [Attack] Should have attempted to do OOS check
[12-18-2022 09:32:07] [Zone] [Info] [Attack] Should have attempted to do OOS check
[12-18-2022 09:32:25] [Zone] [Info] [Attack] Should have attempted to do OOS check
[12-18-2022 09:32:32] [Zone] [Info] [Attack] Should have attempted to do OOS check
[12-18-2022 09:32:38] [Zone] [Info] [Attack] Should have attempted to do OOS check
[12-18-2022 09:33:05] [Zone] [Info] [Attack] Should have attempted to do OOS check
[12-18-2022 09:33:24] [Zone] [Info] [Attack] Should have attempted to do OOS check
[12-18-2022 09:33:28] [Zone] [Info] [Attack] Should have attempted to do OOS check
[12-18-2022 09:33:37] [Zone] [Info] [Attack] Should have attempted to do OOS check
[12-18-2022 09:33:38] [Zone] [Info] [Attack] Should have attempted to do OOS check
[12-18-2022 09:33:42] [Zone] [Info] [Attack] Should have attempted to do OOS check
[12-18-2022 09:34:00] [Zone] [Info] [Attack] Should have attempted to do OOS check
[12-18-2022 09:34:10] [Zone] [Info] [Attack] Should have attempted to do OOS check
[12-18-2022 09:34:14] [Zone] [Info] [Attack] Should have attempted to do OOS check
[12-18-2022 09:34:24] [Zone] [Info] [Attack] Should have attempted to do OOS check
[12-18-2022 09:34:50] [Zone] [Info] [Attack] Should have attempted to do OOS check
[12-18-2022 09:34:54] [Zone] [Info] [Attack] Should have attempted to do OOS check
[12-18-2022 09:35:00] [Zone] [Info] [Attack] Should have attempted to do OOS check
[12-18-2022 09:35:02] [Zone] [Info] [Attack] Should have attempted to do OOS check
[12-18-2022 09:35:03] [Zone] [Info] [Attack] Should have attempted to do OOS check
[12-18-2022 09:35:35] [Zone] [Info] [Attack] Should have attempted to do OOS check
[12-18-2022 09:35:41] [Zone] [Info] [Attack] Should have attempted to do OOS check
[12-18-2022 09:35:59] [Zone] [Info] [Attack] Should have attempted to do OOS check
[12-18-2022 09:36:10] [Zone] [Info] [Attack] Should have attempted to do OOS check
[12-18-2022 09:36:10] [Zone] [Info] [Attack] Should have attempted to do OOS check
[12-18-2022 09:36:25] [Zone] [Info] [Attack] Should have attempted to do OOS check
[12-18-2022 09:37:33] [Zone] [Info] [Attack] Should have attempted to do OOS check
[12-18-2022 09:37:45] [Zone] [Info] [Attack] Should have attempted to do OOS check
[12-18-2022 09:37:46] [Zone] [Info] [Attack] Should have attempted to do OOS check
[12-18-2022 09:37:58] [Zone] [Info] [Attack] Should have attempted to do OOS check
[12-18-2022 09:38:17] [Zone] [Info] [Attack] Should have attempted to do OOS check
[12-18-2022 09:38:44] [Zone] [Info] [Attack] Should have attempted to do OOS check
[12-18-2022 09:38:46] [Zone] [Info] [Attack] Should have attempted to do OOS check
[12-18-2022 09:38:57] [Zone] [Info] [Attack] Should have attempted to do OOS check
[12-18-2022 09:39:16] [Zone] [Info] [Attack] Should have attempted to do OOS check
[12-18-2022 09:39:17] [Zone] [Info] [Attack] Should have attempted to do OOS check
[12-18-2022 09:39:30] [Zone] [Info] [Attack] Should have attempted to do OOS check
[12-18-2022 09:39:39] [Zone] [Info] [Attack] Should have attempted to do OOS check
[12-18-2022 09:39:46] [Zone] [Info] [Attack] Should have attempted to do OOS check
[12-18-2022 09:40:06] [Zone] [Info] [Attack] Should have attempted to do OOS check
[12-18-2022 09:40:15] [Zone] [Info] [Attack] Should have attempted to do OOS check
[12-18-2022 09:40:42] [Zone] [Info] [Attack] Should have attempted to do OOS check
[12-18-2022 09:40:45] [Zone] [Info] [Attack] Should have attempted to do OOS check
[12-18-2022 09:40:57] [Zone] [Info] [Attack] Should have attempted to do OOS check
[12-18-2022 09:40:59] [Zone] [Info] [Attack] Should have attempted to do OOS check
[12-18-2022 09:41:08] [Zone] [Info] [Attack] Should have attempted to do OOS check
[12-18-2022 09:41:54] [Zone] [Info] [Attack] Should have attempted to do OOS check
[12-18-2022 09:42:11] [Zone] [Info] [Attack] Should have attempted to do OOS check
[12-18-2022 09:42:22] [Zone] [Info] [Attack] Should have attempted to do OOS check
[12-18-2022 09:42:27] [Zone] [Info] [Attack] Should have attempted to do OOS check
[12-18-2022 09:42:30] [Zone] [Info] [Attack] Should have attempted to do OOS check
[12-18-2022 09:42:31] [Zone] [Info] [Attack] Should have attempted to do OOS check
[12-18-2022 09:43:06] [Zone] [Info] [Attack] Should have attempted to do OOS check
[12-18-2022 09:43:10] [Zone] [Info] [Attack] Should have attempted to do OOS check
[12-18-2022 09:43:27] [Zone] [Info] [Attack] Should have attempted to do OOS check
[12-18-2022 09:44:00] [Zone] [Info] [Attack] Should have attempted to do OOS check
[12-18-2022 09:44:01] [Zone] [Info] [Attack] Should have attempted to do OOS check
[12-18-2022 09:44:18] [Zone] [Info] [Attack] Should have attempted to do OOS check
[12-18-2022 09:44:39] [Zone] [Info] [Attack] Should have attempted to do OOS check
[12-18-2022 09:45:08] [Zone] [Info] [Attack] Should have attempted to do OOS check
[12-18-2022 09:45:16] [Zone] [Info] [Attack] Should have attempted to do OOS check
[12-18-2022 09:45:26] [Zone] [Info] [Attack] Should have attempted to do OOS check
[12-18-2022 09:45:39] [Zone] [Info] [Attack] Should have attempted to do OOS check
[12-18-2022 09:45:49] [Zone] [Info] [Attack] Should have attempted to do OOS check
[12-18-2022 09:45:51] [Zone] [Info] [Attack] Should have attempted to do OOS check
[12-18-2022 09:46:17] [Zone] [Info] [Attack] Should have attempted to do OOS check
[12-18-2022 09:46:18] [Zone] [Info] [Attack] Should have attempted to do OOS check
[12-18-2022 09:46:22] [Zone] [Info] [Attack] Should have attempted to do OOS check
[12-18-2022 09:46:26] [Zone] [Info] [Attack] Should have attempted to do OOS check
[12-18-2022 09:46:47] [Zone] [Info] [Attack] Should have attempted to do OOS check
[12-18-2022 09:46:49] [Zone] [Info] [Attack] Should have attempted to do OOS check
[12-18-2022 09:46:57] [Zone] [Info] [Attack] Should have attempted to do OOS check
[12-18-2022 09:47:34] [Zone] [Info] [Attack] Should have attempted to do OOS check
[12-18-2022 09:47:42] [Zone] [Info] [Attack] Should have attempted to do OOS check
[12-18-2022 09:48:20] [Zone] [Info] [Attack] Should have attempted to do OOS check
[12-18-2022 09:48:28] [Zone] [Info] [Attack] Should have attempted to do OOS check
[12-18-2022 09:48:30] [Zone] [Info] [Attack] Should have attempted to do OOS check
[12-18-2022 09:48:35] [Zone] [Info] [Attack] Should have attempted to do OOS check
[12-18-2022 09:49:53] [Zone] [Info] [Attack] Should have attempted to do OOS check
[12-18-2022 09:50:05] [Zone] [Info] [Attack] Should have attempted to do OOS check
[12-18-2022 09:50:09] [Zone] [Info] [Attack] Should have attempted to do OOS check
[12-18-2022 09:50:15] [Zone] [Info] [Attack] Should have attempted to do OOS check
[12-18-2022 09:50:53] [Zone] [Info] [Attack] Should have attempted to do OOS check
[12-18-2022 09:51:13] [Zone] [Info] [Attack] Should have attempted to do OOS check
[12-18-2022 09:51:14] [Zone] [Info] [Attack] Should have attempted to do OOS check
[12-18-2022 09:51:25] [Zone] [Info] [Attack] Should have attempted to do OOS check
[12-18-2022 09:51:44] [Zone] [Info] [Attack] Should have attempted to do OOS check
[12-18-2022 09:51:55] [Zone] [Info] [Attack] Should have attempted to do OOS check
[12-18-2022 09:52:21] [Zone] [Info] [Attack] Should have attempted to do OOS check
[12-18-2022 09:52:50] [Zone] [Info] [Attack] Should have attempted to do OOS check
[12-18-2022 09:52:56] [Zone] [Info] [Attack] Should have attempted to do OOS check
[12-18-2022 09:53:04] [Zone] [Info] [Attack] Should have attempted to do OOS check
[12-18-2022 09:53:05] [Zone] [Info] [Attack] Should have attempted to do OOS check
[12-18-2022 09:53:24] [Zone] [Info] [Attack] Should have attempted to do OOS check
[12-18-2022 09:54:05] [Zone] [Info] [Attack] Should have attempted to do OOS check
[12-18-2022 09:54:34] [Zone] [Info] [Attack] Should have attempted to do OOS check
[12-18-2022 09:54:36] [Zone] [Info] [Attack] Should have attempted to do OOS check
[12-18-2022 09:54:36] [Zone] [Info] [Attack] Should have attempted to do OOS check
[12-18-2022 09:55:15] [Zone] [Info] [Attack] Should have attempted to do OOS check
[12-18-2022 09:55:29] [Zone] [Info] [Attack] Should have attempted to do OOS check
[12-18-2022 09:55:38] [Zone] [Info] [Attack] Should have attempted to do OOS check
[12-18-2022 09:55:46] [Zone] [Info] [Attack] Should have attempted to do OOS check
[12-18-2022 09:55:56] [Zone] [Info] [Attack] Should have attempted to do OOS check
[12-18-2022 09:56:32] [Zone] [Info] [Attack] Should have attempted to do OOS check
[12-18-2022 09:56:40] [Zone] [Info] [Attack] Should have attempted to do OOS check
[12-18-2022 09:56:44] [Zone] [Info] [Attack] Should have attempted to do OOS check
[12-18-2022 09:57:25] [Zone] [Info] [Attack] Should have attempted to do OOS check
[12-18-2022 09:57:29] [Zone] [Info] [Attack] Should have attempted to do OOS check
[12-18-2022 09:57:36] [Zone] [Info] [Attack] Should have attempted to do OOS check
[12-18-2022 09:57:39] [Zone] [Info] [Attack] Should have attempted to do OOS check
[12-18-2022 09:57:45] [Zone] [Info] [Attack] Should have attempted to do OOS check
[12-18-2022 09:57:50] [Zone] [Info] [Attack] Should have attempted to do OOS check
[12-18-2022 09:58:00] [Zone] [Info] [Attack] Should have attempted to do OOS check
[12-18-2022 09:58:05] [Zone] [Info] [Attack] Should have attempted to do OOS check
[12-18-2022 09:58:08] [Zone] [Info] [Attack] Should have attempted to do OOS check
[12-18-2022 09:58:10] [Zone] [Info] [Attack] Should have attempted to do OOS check
[12-18-2022 09:58:14] [Zone] [Info] [Attack] Should have attempted to do OOS check
[12-18-2022 09:58:15] [Zone] [Info] [Attack] Should have attempted to do OOS check
[12-18-2022 09:58:18] [Zone] [Info] [Attack] Should have attempted to do OOS check
[12-18-2022 09:58:23] [Zone] [Info] [Attack] Should have attempted to do OOS check
[12-18-2022 09:58:29] [Zone] [Info] [Attack] Should have attempted to do OOS check
[12-18-2022 09:58:33] [Zone] [Info] [Attack] Should have attempted to do OOS check
[12-18-2022 09:58:39] [Zone] [Info] [Attack] Should have attempted to do OOS check
[12-18-2022 09:58:54] [Zone] [Info] [Attack] Should have attempted to do OOS check
[12-18-2022 09:59:08] [Zone] [Info] [Attack] Should have attempted to do OOS check
[12-18-2022 09:59:09] [Zone] [Info] [Attack] Should have attempted to do OOS check
[12-18-2022 09:59:15] [Zone] [Info] [Attack] Should have attempted to do OOS check
[12-18-2022 09:59:45] [Zone] [Info] [Attack] Should have attempted to do OOS check
[12-18-2022 09:59:48] [Zone] [Info] [Attack] Should have attempted to do OOS check
[12-18-2022 09:59:57] [Zone] [Info] [Attack] Should have attempted to do OOS check
[12-18-2022 10:00:03] [Zone] [Info] [Attack] Should have attempted to do OOS check
[12-18-2022 10:00:10] [Zone] [Info] [Attack] Should have attempted to do OOS check
[12-18-2022 10:00:16] [Zone] [Info] [Attack] Should have attempted to do OOS check
[12-18-2022 10:00:34] [Zone] [Info] [Attack] Should have attempted to do OOS check
[12-18-2022 10:00:35] [Zone] [Info] [Attack] Should have attempted to do OOS check
[12-18-2022 10:00:47] [Zone] [Info] [Attack] Should have attempted to do OOS check
[12-18-2022 10:01:17] [Zone] [Info] [Attack] Should have attempted to do OOS check
[12-18-2022 10:01:22] [Zone] [Info] [Attack] Should have attempted to do OOS check
[12-18-2022 10:01:23] [Zone] [Info] [Attack] Should have attempted to do OOS check
[12-18-2022 10:01:24] [Zone] [Info] [Attack] Should have attempted to do OOS check
[12-18-2022 10:01:31] [Zone] [Info] [Attack] Should have attempted to do OOS check
[12-18-2022 10:01:33] [Zone] [Info] [Attack] Should have attempted to do OOS check
[12-18-2022 10:01:39] [Zone] [Info] [Attack] Should have attempted to do OOS check
[12-18-2022 10:01:58] [Zone] [Info] [Attack] Should have attempted to do OOS check
[12-18-2022 10:02:01] [Zone] [Info] [Attack] Should have attempted to do OOS check
[12-18-2022 10:02:23] [Zone] [Info] [Attack] Should have attempted to do OOS check
[12-18-2022 10:02:35] [Zone] [Info] [Attack] Should have attempted to do OOS check
[12-18-2022 10:02:41] [Zone] [Info] [Attack] Should have attempted to do OOS check
[12-18-2022 10:02:52] [Zone] [Info] [Attack] Should have attempted to do OOS check
[12-18-2022 10:03:41] [Zone] [Info] [Attack] Should have attempted to do OOS check
[12-18-2022 10:04:18] [Zone] [Info] [Attack] Should have attempted to do OOS check
[12-18-2022 10:04:20] [Zone] [Info] [Attack] Should have attempted to do OOS check
[12-18-2022 10:04:21] [Zone] [Info] [Attack] Should have attempted to do OOS check
[12-18-2022 10:04:41] [Zone] [Info] [Attack] Should have attempted to do OOS check
[12-18-2022 10:04:44] [Zone] [Info] [Attack] Should have attempted to do OOS check
[12-18-2022 10:05:09] [Zone] [Info] [Attack] Should have attempted to do OOS check
[12-18-2022 10:05:32] [Zone] [Info] [Attack] Should have attempted to do OOS check
[12-18-2022 10:05:35] [Zone] [Info] [Attack] Should have attempted to do OOS check
[12-18-2022 10:05:36] [Zone] [Info] [Attack] Should have attempted to do OOS check
[12-18-2022 10:05:36] [Zone] [Info] [Attack] Should have attempted to do OOS check
[12-18-2022 10:05:58] [Zone] [Info] [Attack] Should have attempted to do OOS check
[12-18-2022 10:06:21] [Zone] [Info] [Attack] Should have attempted to do OOS check
[12-18-2022 10:06:54] [Zone] [Info] [Attack] Should have attempted to do OOS check
[12-18-2022 10:07:16] [Zone] [Info] [Attack] Should have attempted to do OOS check
[12-18-2022 10:07:17] [Zone] [Info] [Attack] Should have attempted to do OOS check
[12-18-2022 10:08:00] [Zone] [Info] [Attack] Should have attempted to do OOS check
[12-18-2022 10:08:06] [Zone] [Info] [Attack] Should have attempted to do OOS check
[12-18-2022 10:08:22] [Zone] [Info] [Attack] Should have attempted to do OOS check
[12-18-2022 10:08:25] [Zone] [Info] [Attack] Should have attempted to do OOS check
[12-18-2022 10:08:43] [Zone] [Info] [Attack] Should have attempted to do OOS check
[12-18-2022 10:08:50] [Zone] [Info] [Attack] Should have attempted to do OOS check
[12-18-2022 10:09:17] [Zone] [Info] [Attack] Should have attempted to do OOS check
[12-18-2022 10:09:31] [Zone] [Info] [Attack] Should have attempted to do OOS check
[12-18-2022 10:09:51] [Zone] [Info] [Attack] Should have attempted to do OOS check
[12-18-2022 10:10:08] [Zone] [Info] [Attack] Should have attempted to do OOS check
[12-18-2022 10:10:13] [Zone] [Info] [Attack] Should have attempted to do OOS check
[12-18-2022 10:10:19] [Zone] [Info] [Attack] Should have attempted to do OOS check
[12-18-2022 10:10:24] [Zone] [Info] [Attack] Should have attempted to do OOS check
[12-18-2022 10:10:45] [Zone] [Info] [Attack] Should have attempted to do OOS check
[12-18-2022 10:10:47] [Zone] [Info] [Attack] Should have attempted to do OOS check
[12-18-2022 10:10:51] [Zone] [Info] [Attack] Should have attempted to do OOS check
[12-18-2022 10:10:56] [Zone] [Info] [Attack] Should have attempted to do OOS check
[12-18-2022 10:11:16] [Zone] [Info] [Attack] Should have attempted to do OOS check
[12-18-2022 10:11:50] [Zone] [Info] [Attack] Should have attempted to do OOS check
[12-18-2022 10:11:51] [Zone] [Info] [Attack] Should have attempted to do OOS check
[12-18-2022 10:12:06] [Zone] [Info] [Attack] Should have attempted to do OOS check
[12-18-2022 10:12:37] [Zone] [Info] [Attack] Should have attempted to do OOS check
[12-18-2022 10:12:45] [Zone] [Info] [Attack] Should have attempted to do OOS check
[12-18-2022 10:12:45] [Zone] [Info] [Attack] Should have attempted to do OOS check
[12-18-2022 10:12:54] [Zone] [Info] [Attack] Should have attempted to do OOS check
[12-18-2022 10:13:14] [Zone] [Info] [Attack] Should have attempted to do OOS check
[12-18-2022 10:13:44] [Zone] [Info] [Attack] Should have attempted to do OOS check
[12-18-2022 10:13:52] [Zone] [Info] [Attack] Should have attempted to do OOS check
[12-18-2022 10:14:03] [Zone] [Info] [Attack] Should have attempted to do OOS check
[12-18-2022 10:14:09] [Zone] [Info] [Attack] Should have attempted to do OOS check
[12-18-2022 10:14:40] [Zone] [Info] [Attack] Should have attempted to do OOS check
[12-18-2022 10:14:41] [Zone] [Info] [Attack] Should have attempted to do OOS check
[12-18-2022 10:14:57] [Zone] [Info] [Attack] Should have attempted to do OOS check
[12-18-2022 10:15:12] [Zone] [Info] [Attack] Should have attempted to do OOS check
[12-18-2022 10:15:20] [Zone] [Info] [Attack] Should have attempted to do OOS check
[12-18-2022 10:15:31] [Zone] [Info] [Attack] Should have attempted to do OOS check
[12-18-2022 10:15:43] [Zone] [Info] [Attack] Should have attempted to do OOS check
[12-18-2022 10:15:46] [Zone] [Info] [Attack] Should have attempted to do OOS check
[12-18-2022 10:16:17] [Zone] [Info] [Attack] Should have attempted to do OOS check
[12-18-2022 10:16:19] [Zone] [Info] [Attack] Should have attempted to do OOS check
[12-18-2022 10:16:24] [Zone] [Info] [Attack] Should have attempted to do OOS check
[12-18-2022 10:16:31] [Zone] [Info] [Attack] Should have attempted to do OOS check
[12-18-2022 10:16:56] [Zone] [Info] [ResetShutdownTimer] Reset to [1 Hour] from original remaining time [1 Hour] duration [1 Hour] zone [PID (11092) Firiona Vie (84)]
[12-18-2022 10:17:01] [Zone] [Info] [Attack] Should have attempted to do OOS check
[12-18-2022 10:17:02] [Zone] [Info] [Attack] Should have attempted to do OOS check
[12-18-2022 10:17:10] [Zone] [Info] [Attack] Should have attempted to do OOS check
[12-18-2022 10:17:29] [Zone] [Info] [Attack] Should have attempted to do OOS check
[12-18-2022 10:17:32] [Zone] [Info] [Attack] Should have attempted to do OOS check
[12-18-2022 10:17:33] [Zone] [Info] [Attack] Should have attempted to do OOS check
[12-18-2022 10:18:18] [Zone] [Info] [Attack] Should have attempted to do OOS check
[12-18-2022 10:18:20] [Zone] [Info] [Attack] Should have attempted to do OOS check
[12-18-2022 10:18:29] [Zone] [Info] [Attack] Should have attempted to do OOS check
[12-18-2022 10:18:42] [Zone] [Info] [Attack] Should have attempted to do OOS check
[12-18-2022 10:18:57] [Zone] [Info] [Attack] Should have attempted to do OOS check
[12-18-2022 10:18:58] [Zone] [Info] [Attack] Should have attempted to do OOS check
[12-18-2022 10:19:01] [Zone] [Info] [Attack] Should have attempted to do OOS check
[12-18-2022 10:19:07] [Zone] [Info] [Attack] Should have attempted to do OOS check
[12-18-2022 10:19:24] [Zone] [Info] [Attack] Should have attempted to do OOS check
[12-18-2022 10:19:35] [Zone] [Info] [Attack] Should have attempted to do OOS check
[12-18-2022 10:19:44] [Zone] [Info] [Attack] Should have attempted to do OOS check
[12-18-2022 10:19:47] [Zone] [Info] [Attack] Should have attempted to do OOS check
[12-18-2022 10:19:55] [Zone] [Info] [Attack] Should have attempted to do OOS check
[12-18-2022 10:20:05] [Zone] [Info] [Attack] Should have attempted to do OOS check
[12-18-2022 10:20:09] [Zone] [Info] [Attack] Should have attempted to do OOS check
[12-18-2022 10:20:14] [Zone] [Info] [Attack] Should have attempted to do OOS check
[12-18-2022 10:20:52] [Zone] [Info] [Attack] Should have attempted to do OOS check
[12-18-2022 10:21:04] [Zone] [Info] [Attack] Should have attempted to do OOS check
[12-18-2022 10:21:11] [Zone] [Info] [Attack] Should have attempted to do OOS check
[12-18-2022 10:21:30] [Zone] [Info] [Attack] Should have attempted to do OOS check
[12-18-2022 10:21:41] [Zone] [Info] [Attack] Should have attempted to do OOS check
[12-18-2022 10:21:53] [Zone] [Info] [Attack] Should have attempted to do OOS check
[12-18-2022 10:21:55] [Zone] [Info] [Attack] Should have attempted to do OOS check
[12-18-2022 10:22:00] [Zone] [Info] [Attack] Should have attempted to do OOS check
[12-18-2022 10:22:05] [Zone] [Info] [Attack] Should have attempted to do OOS check
[12-18-2022 10:22:10] [Zone] [Info] [Attack] Should have attempted to do OOS check
[12-18-2022 10:22:28] [Zone] [Info] [Attack] Should have attempted to do OOS check
[12-18-2022 10:22:32] [Zone] [Info] [Attack] Should have attempted to do OOS check
[12-18-2022 10:23:10] [Zone] [Info] [Attack] Should have attempted to do OOS check
[12-18-2022 10:23:14] [Zone] [Info] [Attack] Should have attempted to do OOS check
[12-18-2022 10:23:27] [Zone] [Info] [Attack] Should have attempted to do OOS check
[12-18-2022 10:23:41] [Zone] [Info] [Attack] Should have attempted to do OOS check
[12-18-2022 10:23:45] [Zone] [Info] [Attack] Should have attempted to do OOS check
[12-18-2022 10:23:54] [Zone] [Info] [Attack] Should have attempted to do OOS check
[12-18-2022 10:24:58] [Zone] [Info] [Attack] Should have attempted to do OOS check
[12-18-2022 10:24:59] [Zone] [Info] [Attack] Should have attempted to do OOS check
[12-18-2022 10:25:10] [Zone] [Info] [Attack] Should have attempted to do OOS check
[12-18-2022 10:25:39] [Zone] [Info] [Attack] Should have attempted to do OOS check
[12-18-2022 10:26:08] [Zone] [Info] [Attack] Should have attempted to do OOS check
[12-18-2022 10:26:32] [Zone] [Info] [Attack] Should have attempted to do OOS check
[12-18-2022 10:27:13] [Zone] [Info] [Attack] Should have attempted to do OOS check
[12-18-2022 10:27:32] [Zone] [Info] [Attack] Should have attempted to do OOS check
[12-18-2022 10:28:14] [Zone] [Info] [Attack] Should have attempted to do OOS check
[12-18-2022 10:28:15] [Zone] [Info] [Attack] Should have attempted to do OOS check
[12-18-2022 10:28:38] [Zone] [Info] [Attack] Should have attempted to do OOS check
[12-18-2022 10:28:48] [Zone] [Info] [Attack] Should have attempted to do OOS check
[12-18-2022 10:28:58] [Zone] [Info] [Attack] Should have attempted to do OOS check
[12-18-2022 10:29:10] [Zone] [Info] [Attack] Should have attempted to do OOS check
[12-18-2022 10:29:17] [Zone] [Info] [Attack] Should have attempted to do OOS check
[12-18-2022 10:29:27] [Zone] [Info] [Attack] Should have attempted to do OOS check
[12-18-2022 10:29:32] [Zone] [Info] [Attack] Should have attempted to do OOS check
[12-18-2022 10:29:38] [Zone] [Info] [Attack] Should have attempted to do OOS check
[12-18-2022 10:30:33] [Zone] [Info] [Attack] Should have attempted to do OOS check
[12-18-2022 10:30:34] [Zone] [Info] [Attack] Should have attempted to do OOS check
[12-18-2022 10:31:01] [Zone] [Info] [Attack] Should have attempted to do OOS check
[12-18-2022 10:31:35] [Zone] [Info] [Attack] Should have attempted to do OOS check
[12-18-2022 10:31:49] [Zone] [Info] [Attack] Should have attempted to do OOS check
[12-18-2022 10:32:35] [Zone] [Info] [Attack] Should have attempted to do OOS check
[12-18-2022 10:33:04] [Zone] [Info] [Attack] Should have attempted to do OOS check
[12-18-2022 10:33:05] [Zone] [Info] [Attack] Should have attempted to do OOS check
[12-18-2022 10:33:20] [Zone] [Info] [Attack] Should have attempted to do OOS check
[12-18-2022 10:34:25] [Zone] [Info] [Attack] Should have attempted to do OOS check
[12-18-2022 10:34:37] [Zone] [Info] [Attack] Should have attempted to do OOS check
[12-18-2022 10:34:44] [Zone] [Info] [Attack] Should have attempted to do OOS check
[12-18-2022 10:34:50] [Zone] [Info] [Attack] Should have attempted to do OOS check
[12-18-2022 10:34:59] [Zone] [Info] [Attack] Should have attempted to do OOS check
[12-18-2022 10:35:07] [Zone] [Info] [Attack] Should have attempted to do OOS check
[12-18-2022 10:35:08] [Zone] [Info] [Attack] Should have attempted to do OOS check
[12-18-2022 10:35:15] [Zone] [Info] [Attack] Should have attempted to do OOS check
[12-18-2022 10:35:29] [Zone] [Info] [Attack] Should have attempted to do OOS check
[12-18-2022 10:35:30] [Zone] [Info] [Attack] Should have attempted to do OOS check
[12-18-2022 10:35:38] [Zone] [Info] [Attack] Should have attempted to do OOS check
[12-18-2022 10:36:05] [Zone] [Info] [Attack] Should have attempted to do OOS check
[12-18-2022 10:36:14] [Zone] [Info] [Attack] Should have attempted to do OOS check
[12-18-2022 10:36:27] [Zone] [Info] [Attack] Should have attempted to do OOS check
[12-18-2022 10:36:38] [Zone] [Info] [Attack] Should have attempted to do OOS check
[12-18-2022 10:36:52] [Zone] [Info] [Attack] Should have attempted to do OOS check
[12-18-2022 10:36:52] [Zone] [Info] [Attack] Should have attempted to do OOS check
[12-18-2022 10:37:06] [Zone] [Info] [Attack] Should have attempted to do OOS check
[12-18-2022 10:37:23] [Zone] [Info] [Attack] Should have attempted to do OOS check
[12-18-2022 10:37:24] [Zone] [Info] [Attack] Should have attempted to do OOS check
[12-18-2022 10:37:52] [Zone] [Info] [Attack] Should have attempted to do OOS check
[12-18-2022 10:37:56] [Zone] [Info] [Attack] Should have attempted to do OOS check
[12-18-2022 10:38:04] [Zone] [Info] [Attack] Should have attempted to do OOS check
[12-18-2022 10:38:21] [Zone] [Info] [Attack] Should have attempted to do OOS check
[12-18-2022 10:38:33] [Zone] [Info] [Attack] Should have attempted to do OOS check
[12-18-2022 10:38:35] [Zone] [Info] [Attack] Should have attempted to do OOS check
[12-18-2022 10:38:49] [Zone] [Info] [Attack] Should have attempted to do OOS check
[12-18-2022 10:38:54] [Zone] [Info] [Attack] Should have attempted to do OOS check
[12-18-2022 10:39:16] [Zone] [Info] [Attack] Should have attempted to do OOS check
[12-18-2022 10:39:42] [Zone] [Info] [Attack] Should have attempted to do OOS check
[12-18-2022 10:40:12] [Zone] [Info] [Attack] Should have attempted to do OOS check
[12-18-2022 10:40:31] [Zone] [Info] [Attack] Should have attempted to do OOS check
[12-18-2022 10:40:32] [Zone] [Info] [Attack] Should have attempted to do OOS check
[12-18-2022 10:40:34] [Zone] [Info] [Attack] Should have attempted to do OOS check
[12-18-2022 10:40:40] [Zone] [Info] [Attack] Should have attempted to do OOS check
[12-18-2022 10:41:15] [Zone] [Info] [Attack] Should have attempted to do OOS check
[12-18-2022 10:41:34] [Zone] [Info] [Attack] Should have attempted to do OOS check
[12-18-2022 10:41:37] [Zone] [Info] [Attack] Should have attempted to do OOS check
[12-18-2022 10:41:43] [Zone] [Info] [Attack] Should have attempted to do OOS check
[12-18-2022 10:41:45] [Zone] [Info] [Attack] Should have attempted to do OOS check
[12-18-2022 10:41:52] [Zone] [Info] [Attack] Should have attempted to do OOS check
[12-18-2022 10:41:56] [Zone] [Info] [Attack] Should have attempted to do OOS check
[12-18-2022 10:42:04] [Zone] [Info] [Attack] Should have attempted to do OOS check
[12-18-2022 10:42:23] [Zone] [Info] [Attack] Should have attempted to do OOS check
[12-18-2022 10:42:32] [Zone] [Info] [Attack] Should have attempted to do OOS check
[12-18-2022 10:42:43] [Zone] [Info] [Attack] Should have attempted to do OOS check
[12-18-2022 10:43:41] [Zone] [Info] [Attack] Should have attempted to do OOS check
[12-18-2022 10:43:46] [Zone] [Info] [Attack] Should have attempted to do OOS check
[12-18-2022 10:44:06] [Zone] [Info] [Attack] Should have attempted to do OOS check
[12-18-2022 10:44:20] [Zone] [Info] [Attack] Should have attempted to do OOS check
[12-18-2022 10:44:36] [Zone] [Info] [Attack] Should have attempted to do OOS check
[12-18-2022 10:45:15] [Zone] [Info] [Attack] Should have attempted to do OOS check
[12-18-2022 10:45:17] [Zone] [Info] [Attack] Should have attempted to do OOS check
[12-18-2022 10:45:25] [Zone] [Info] [Attack] Should have attempted to do OOS check
[12-18-2022 10:45:33] [Zone] [Info] [Attack] Should have attempted to do OOS check
[12-18-2022 10:45:51] [Zone] [Info] [Attack] Should have attempted to do OOS check
[12-18-2022 10:46:09] [Zone] [Info] [Attack] Should have attempted to do OOS check
[12-18-2022 10:46:15] [Zone] [Info] [Attack] Should have attempted to do OOS check
[12-18-2022 10:46:21] [Zone] [Info] [Attack] Should have attempted to do OOS check
[12-18-2022 10:46:21] [Zone] [Info] [Attack] Should have attempted to do OOS check
[12-18-2022 10:46:26] [Zone] [Info] [Attack] Should have attempted to do OOS check
[12-18-2022 10:46:28] [Zone] [Info] [Attack] Should have attempted to do OOS check
[12-18-2022 10:46:37] [Zone] [Info] [Attack] Should have attempted to do OOS check
[12-18-2022 10:46:56] [Zone] [Info] [Attack] Should have attempted to do OOS check
[12-18-2022 10:47:07] [Zone] [Info] [Attack] Should have attempted to do OOS check
[12-18-2022 10:47:29] [Zone] [Info] [Attack] Should have attempted to do OOS check
[12-18-2022 10:47:46] [Zone] [Info] [Attack] Should have attempted to do OOS check
[12-18-2022 10:47:48] [Zone] [Info] [Attack] Should have attempted to do OOS check
[12-18-2022 10:48:04] [Zone] [Info] [Attack] Should have attempted to do OOS check
[12-18-2022 10:48:18] [Zone] [Info] [Attack] Should have attempted to do OOS check
[12-18-2022 10:48:21] [Zone] [Info] [Attack] Should have attempted to do OOS check
[12-18-2022 10:48:28] [Zone] [Info] [Attack] Should have attempted to do OOS check
[12-18-2022 10:48:41] [Zone] [Info] [Attack] Should have attempted to do OOS check
[12-18-2022 10:48:48] [Zone] [Info] [Attack] Should have attempted to do OOS check
[12-18-2022 10:48:49] [Zone] [Info] [Attack] Should have attempted to do OOS check
[12-18-2022 10:48:56] [Zone] [Info] [Attack] Should have attempted to do OOS check
[12-18-2022 10:49:29] [Zone] [Info] [Attack] Should have attempted to do OOS check
[12-18-2022 10:50:03] [Zone] [Info] [Attack] Should have attempted to do OOS check
[12-18-2022 10:50:18] [Zone] [Info] [Attack] Should have attempted to do OOS check
[12-18-2022 10:50:22] [Zone] [Info] [Attack] Should have attempted to do OOS check
[12-18-2022 10:50:23] [Zone] [Info] [Attack] Should have attempted to do OOS check
[12-18-2022 10:50:30] [Zone] [Info] [Attack] Should have attempted to do OOS check
[12-18-2022 10:50:31] [Zone] [Info] [Attack] Should have attempted to do OOS check
[12-18-2022 10:50:41] [Zone] [Info] [Attack] Should have attempted to do OOS check
[12-18-2022 10:50:43] [Zone] [Info] [Attack] Should have attempted to do OOS check
[12-18-2022 10:50:56] [Zone] [Info] [Attack] Should have attempted to do OOS check
[12-18-2022 10:51:13] [Zone] [Info] [Attack] Should have attempted to do OOS check
[12-18-2022 10:51:28] [Zone] [Info] [Attack] Should have attempted to do OOS check
[12-18-2022 10:51:49] [Zone] [Info] [Attack] Should have attempted to do OOS check
[12-18-2022 10:52:21] [Zone] [Info] [Attack] Should have attempted to do OOS check
[12-18-2022 10:52:32] [Zone] [Info] [Attack] Should have attempted to do OOS check
[12-18-2022 10:52:52] [Zone] [Info] [Attack] Should have attempted to do OOS check
[12-18-2022 10:52:54] [Zone] [Info] [Attack] Should have attempted to do OOS check
[12-18-2022 10:52:54] [Zone] [Info] [Attack] Should have attempted to do OOS check
[12-18-2022 10:52:56] [Zone] [Info] [Attack] Should have attempted to do OOS check
[12-18-2022 10:53:18] [Zone] [Info] [Attack] Should have attempted to do OOS check
[12-18-2022 10:53:27] [Zone] [Info] [Attack] Should have attempted to do OOS check
[12-18-2022 10:53:30] [Zone] [Info] [Attack] Should have attempted to do OOS check
[12-18-2022 10:53:33] [Zone] [Info] [Attack] Should have attempted to do OOS check
[12-18-2022 10:53:39] [Zone] [Info] [Attack] Should have attempted to do OOS check
[12-18-2022 10:53:49] [Zone] [Info] [Attack] Should have attempted to do OOS check
[12-18-2022 10:54:00] [Zone] [Info] [Attack] Should have attempted to do OOS check
[12-18-2022 10:54:01] [Zone] [Info] [Attack] Should have attempted to do OOS check
[12-18-2022 10:55:02] [Zone] [Info] [Attack] Should have attempted to do OOS check
[12-18-2022 10:55:14] [Zone] [Info] [Attack] Should have attempted to do OOS check
[12-18-2022 10:55:30] [Zone] [Info] [Attack] Should have attempted to do OOS check
[12-18-2022 10:55:54] [Zone] [Info] [Attack] Should have attempted to do OOS check
[12-18-2022 10:55:59] [Zone] [Info] [Attack] Should have attempted to do OOS check
[12-18-2022 10:56:18] [Zone] [Info] [Attack] Should have attempted to do OOS check
[12-18-2022 10:56:35] [Zone] [Info] [Attack] Should have attempted to do OOS check
[12-18-2022 10:57:06] [Zone] [Info] [Attack] Should have attempted to do OOS check
[12-18-2022 10:57:29] [Zone] [Info] [Attack] Should have attempted to do OOS check
[12-18-2022 10:57:41] [Zone] [Info] [Attack] Should have attempted to do OOS check
[12-18-2022 10:57:51] [Zone] [Info] [Attack] Should have attempted to do OOS check
[12-18-2022 10:58:09] [Zone] [Info] [Attack] Should have attempted to do OOS check
[12-18-2022 10:58:14] [Zone] [Info] [Attack] Should have attempted to do OOS check
[12-18-2022 10:58:58] [Zone] [Info] [Attack] Should have attempted to do OOS check
[12-18-2022 10:58:59] [Zone] [Info] [Attack] Should have attempted to do OOS check
[12-18-2022 10:59:17] [Zone] [Info] [Attack] Should have attempted to do OOS check
[12-18-2022 10:59:53] [Zone] [Info] [Attack] Should have attempted to do OOS check
[12-18-2022 11:00:07] [Zone] [Info] [Attack] Should have attempted to do OOS check
[12-18-2022 11:00:24] [Zone] [Info] [Attack] Should have attempted to do OOS check
[12-18-2022 11:00:44] [Zone] [Info] [Attack] Should have attempted to do OOS check
[12-18-2022 11:00:59] [Zone] [Info] [Attack] Should have attempted to do OOS check
[12-18-2022 11:01:24] [Zone] [Info] [Attack] Should have attempted to do OOS check
[12-18-2022 11:01:41] [Zone] [Info] [Attack] Should have attempted to do OOS check
[12-18-2022 11:01:42] [Zone] [Info] [Attack] Should have attempted to do OOS check
[12-18-2022 11:01:54] [Zone] [Info] [Attack] Should have attempted to do OOS check
[12-18-2022 11:02:08] [Zone] [Info] [Attack] Should have attempted to do OOS check
[12-18-2022 11:02:13] [Zone] [Info] [Attack] Should have attempted to do OOS check
[12-18-2022 11:02:15] [Zone] [Info] [Attack] Should have attempted to do OOS check
[12-18-2022 11:02:19] [Zone] [Info] [Attack] Should have attempted to do OOS check
[12-18-2022 11:02:23] [Zone] [Info] [Attack] Should have attempted to do OOS check
[12-18-2022 11:02:24] [Zone] [Info] [Attack] Should have attempted to do OOS check
[12-18-2022 11:03:15] [Zone] [Info] [Attack] Should have attempted to do OOS check
[12-18-2022 11:03:27] [Zone] [Info] [Attack] Should have attempted to do OOS check
[12-18-2022 11:03:38] [Zone] [Info] [Attack] Should have attempted to do OOS check
[12-18-2022 11:04:03] [Zone] [Info] [Attack] Should have attempted to do OOS check
[12-18-2022 11:04:50] [Zone] [Info] [Attack] Should have attempted to do OOS check
[12-18-2022 11:04:59] [Zone] [Info] [Attack] Should have attempted to do OOS check
[12-18-2022 11:05:16] [Zone] [Info] [Attack] Should have attempted to do OOS check
[12-18-2022 11:05:22] [Zone] [Info] [Attack] Should have attempted to do OOS check
[12-18-2022 11:05:28] [Zone] [Info] [Attack] Should have attempted to do OOS check
[12-18-2022 11:05:28] [Zone] [Info] [Attack] Should have attempted to do OOS check
[12-18-2022 11:05:33] [Zone] [Info] [Attack] Should have attempted to do OOS check
[12-18-2022 11:05:33] [Zone] [Info] [Attack] Should have attempted to do OOS check
[12-18-2022 11:05:45] [Zone] [Info] [Attack] Should have attempted to do OOS check
[12-18-2022 11:05:46] [Zone] [Info] [Attack] Should have attempted to do OOS check
[12-18-2022 11:06:01] [Zone] [Info] [Attack] Should have attempted to do OOS check
[12-18-2022 11:06:02] [Zone] [Info] [Attack] Should have attempted to do OOS check
[12-18-2022 11:06:12] [Zone] [Info] [Attack] Should have attempted to do OOS check
[12-18-2022 11:06:24] [Zone] [Info] [Attack] Should have attempted to do OOS check
[12-18-2022 11:06:33] [Zone] [Info] [Attack] Should have attempted to do OOS check
[12-18-2022 11:06:42] [Zone] [Info] [Attack] Should have attempted to do OOS check
[12-18-2022 11:06:59] [Zone] [Info] [Attack] Should have attempted to do OOS check
[12-18-2022 11:07:45] [Zone] [Info] [Attack] Should have attempted to do OOS check
[12-18-2022 11:07:56] [Zone] [Info] [Attack] Should have attempted to do OOS check
[12-18-2022 11:08:14] [Zone] [Info] [Attack] Should have attempted to do OOS check
[12-18-2022 11:08:36] [Zone] [Info] [Attack] Should have attempted to do OOS check
[12-18-2022 11:08:37] [Zone] [Info] [Attack] Should have attempted to do OOS check
[12-18-2022 11:08:38] [Zone] [Info] [Attack] Should have attempted to do OOS check
[12-18-2022 11:08:44] [Zone] [Info] [Attack] Should have attempted to do OOS check
[12-18-2022 11:08:48] [Zone] [Info] [Attack] Should have attempted to do OOS check
[12-18-2022 11:08:48] [Zone] [Info] [Attack] Should have attempted to do OOS check
[12-18-2022 11:09:01] [Zone] [Info] [Attack] Should have attempted to do OOS check
[12-18-2022 11:09:51] [Zone] [Info] [Attack] Should have attempted to do OOS check
[12-18-2022 11:10:15] [Zone] [Info] [Attack] Should have attempted to do OOS check
[12-18-2022 11:10:31] [Zone] [Info] [Attack] Should have attempted to do OOS check
[12-18-2022 11:10:46] [Zone] [Info] [Attack] Should have attempted to do OOS check
[12-18-2022 11:10:49] [Zone] [Info] [Attack] Should have attempted to do OOS check
[12-18-2022 11:10:50] [Zone] [Info] [Attack] Should have attempted to do OOS check
[12-18-2022 11:10:57] [Zone] [Info] [Attack] Should have attempted to do OOS check
[12-18-2022 11:11:20] [Zone] [Info] [Attack] Should have attempted to do OOS check
[12-18-2022 11:11:25] [Zone] [Info] [Attack] Should have attempted to do OOS check
[12-18-2022 11:11:42] [Zone] [Info] [Attack] Should have attempted to do OOS check
[12-18-2022 11:11:44] [Zone] [Info] [Attack] Should have attempted to do OOS check
[12-18-2022 11:12:08] [Zone] [Info] [Attack] Should have attempted to do OOS check
[12-18-2022 11:12:12] [Zone] [Info] [Attack] Should have attempted to do OOS check
[12-18-2022 11:12:19] [Zone] [Info] [Attack] Should have attempted to do OOS check
[12-18-2022 11:12:23] [Zone] [Info] [Attack] Should have attempted to do OOS check
[12-18-2022 11:12:27] [Zone] [Info] [Attack] Should have attempted to do OOS check
[12-18-2022 11:12:39] [Zone] [Info] [Attack] Should have attempted to do OOS check
[12-18-2022 11:12:57] [Zone] [Info] [Attack] Should have attempted to do OOS check
[12-18-2022 11:13:05] [Zone] [Info] [Attack] Should have attempted to do OOS check
[12-18-2022 11:13:21] [Zone] [Info] [Attack] Should have attempted to do OOS check
[12-18-2022 11:13:29] [Zone] [Info] [Attack] Should have attempted to do OOS check
[12-18-2022 11:13:43] [Zone] [Info] [Attack] Should have attempted to do OOS check
[12-18-2022 11:13:50] [Zone] [Info] [Attack] Should have attempted to do OOS check
[12-18-2022 11:13:54] [Zone] [Info] [Attack] Should have attempted to do OOS check
[12-18-2022 11:13:56] [Zone] [Info] [Attack] Should have attempted to do OOS check
[12-18-2022 11:14:01] [Zone] [Info] [Attack] Should have attempted to do OOS check
[12-18-2022 11:14:04] [Zone] [Info] [Attack] Should have attempted to do OOS check
[12-18-2022 11:14:07] [Zone] [Info] [Attack] Should have attempted to do OOS check
[12-18-2022 11:14:11] [Zone] [Info] [Attack] Should have attempted to do OOS check
[12-18-2022 11:14:31] [Zone] [Info] [Attack] Should have attempted to do OOS check
[12-18-2022 11:14:41] [Zone] [Info] [Attack] Should have attempted to do OOS check
[12-18-2022 11:15:00] [Zone] [Info] [Attack] Should have attempted to do OOS check
[12-18-2022 11:15:49] [Zone] [Info] [Attack] Should have attempted to do OOS check
[12-18-2022 11:16:10] [Zone] [Info] [Attack] Should have attempted to do OOS check
[12-18-2022 11:16:27] [Zone] [Info] [Attack] Should have attempted to do OOS check
[12-18-2022 11:16:56] [Zone] [Info] [ResetShutdownTimer] Reset to [1 Hour] from original remaining time [1 Hour] duration [1 Hour] zone [PID (11092) Firiona Vie (84)]
[12-18-2022 11:17:01] [Zone] [Info] [Attack] Should have attempted to do OOS check
[12-18-2022 11:17:13] [Zone] [Info] [Attack] Should have attempted to do OOS check
[12-18-2022 11:17:16] [Zone] [Info] [Attack] Should have attempted to do OOS check
[12-18-2022 11:17:40] [Zone] [Info] [Attack] Should have attempted to do OOS check
[12-18-2022 11:17:43] [Zone] [Info] [Attack] Should have attempted to do OOS check
[12-18-2022 11:17:53] [Zone] [Info] [Attack] Should have attempted to do OOS check
[12-18-2022 11:18:24] [Zone] [Info] [Attack] Should have attempted to do OOS check
[12-18-2022 11:18:40] [Zone] [Info] [Attack] Should have attempted to do OOS check
[12-18-2022 11:18:51] [Zone] [Info] [Attack] Should have attempted to do OOS check
[12-18-2022 11:19:47] [Zone] [Info] [Attack] Should have attempted to do OOS check
[12-18-2022 11:19:56] [Zone] [Info] [Attack] Should have attempted to do OOS check
[12-18-2022 11:20:30] [Zone] [Info] [Attack] Should have attempted to do OOS check
[12-18-2022 11:20:32] [Zone] [Info] [Attack] Should have attempted to do OOS check
[12-18-2022 11:20:37] [Zone] [Info] [Attack] Should have attempted to do OOS check
[12-18-2022 11:20:49] [Zone] [Info] [Attack] Should have attempted to do OOS check
[12-18-2022 11:20:52] [Zone] [Info] [Attack] Should have attempted to do OOS check
[12-18-2022 11:21:03] [Zone] [Info] [Attack] Should have attempted to do OOS check
[12-18-2022 11:21:31] [Zone] [Info] [Attack] Should have attempted to do OOS check
[12-18-2022 11:21:39] [Zone] [Info] [Attack] Should have attempted to do OOS check
[12-18-2022 11:21:39] [Zone] [Info] [Attack] Should have attempted to do OOS check
[12-18-2022 11:21:51] [Zone] [Info] [Attack] Should have attempted to do OOS check
[12-18-2022 11:21:52] [Zone] [Info] [Attack] Should have attempted to do OOS check
[12-18-2022 11:22:02] [Zone] [Info] [Attack] Should have attempted to do OOS check
[12-18-2022 11:22:19] [Zone] [Info] [Attack] Should have attempted to do OOS check
[12-18-2022 11:22:24] [Zone] [Info] [Attack] Should have attempted to do OOS check
[12-18-2022 11:22:38] [Zone] [Info] [Attack] Should have attempted to do OOS check
[12-18-2022 11:22:55] [Zone] [Info] [Attack] Should have attempted to do OOS check
[12-18-2022 11:23:23] [Zone] [Info] [Attack] Should have attempted to do OOS check
[12-18-2022 11:23:30] [Zone] [Info] [Attack] Should have attempted to do OOS check
[12-18-2022 11:23:46] [Zone] [Info] [Attack] Should have attempted to do OOS check
[12-18-2022 11:23:48] [Zone] [Info] [Attack] Should have attempted to do OOS check
[12-18-2022 11:23:56] [Zone] [Info] [Attack] Should have attempted to do OOS check
[12-18-2022 11:24:16] [Zone] [Info] [Attack] Should have attempted to do OOS check
[12-18-2022 11:24:39] [Zone] [Info] Client linkdead: Nivek
[12-18-2022 11:24:39] [Zone] [Info] Dropping client: Process=false, ip=[38.133.239.41] port=[8929]
[12-18-2022 11:24:44] [Zone] [Info] [Attack] Should have attempted to do OOS check
[12-18-2022 11:25:02] [Zone] [Info] [Attack] Should have attempted to do OOS check
[12-18-2022 11:25:06] [Zone] [Info] [Attack] Should have attempted to do OOS check
[12-18-2022 11:25:07] [Zone] [Info] [Attack] Should have attempted to do OOS check
[12-18-2022 11:25:08] [Zone] [Info] [Attack] Should have attempted to do OOS check
[12-18-2022 11:25:16] [Zone] [Info] [Attack] Should have attempted to do OOS check
[12-18-2022 12:16:57] [Zone] [Info] [ResetShutdownTimer] Reset to [1 Hour] from original remaining time [1 Hour] duration [1 Hour] zone [PID (11092) Firiona Vie (84)]
[12-18-2022 12:16:57] [Zone] [Info] [Zone Shutdown] Zone [firiona] zone_id [84] version [0] instance_id [0]
[12-18-2022 12:16:57] [Zone] [Info] [Zone Shutdown] Zone [firiona] zone_id [84] version [0] instance_id [0] Going to sleep
