[12-18-2022 04:48:56] [Zone] [Info] CURRENT_VERSION: 2.0
[12-18-2022 04:48:56] [Zone] [Info] Mapping Incoming Opcodes
[12-18-2022 04:48:56] [Zone] [Info] Loading Variables
[12-18-2022 04:48:56] [Zone] [Info] Loading zone names
[12-18-2022 04:48:56] [Zone] [Info] [ZoneStore] Loaded [593] zones
[12-18-2022 04:48:56] [Zone] [Info] Loading items
[12-18-2022 04:48:56] [Zone] [Info] [Shared Memory] Attempting to load file [shared/items]
[12-18-2022 04:48:56] [Zone] [Info] Loading npc faction lists
[12-18-2022 04:48:56] [Zone] [Info] [Shared Memory] Attempting to load file [shared/faction]
[12-18-2022 04:48:56] [Zone] [Info] Loading faction association hits
[12-18-2022 04:48:56] [Zone] [Info] Loading loot tables
[12-18-2022 04:48:56] [Zone] [Info] Loading skill caps
[12-18-2022 04:48:56] [Zone] [Info] [Shared Memory] Attempting to load file [shared/skill_caps]
[12-18-2022 04:48:56] [Zone] [Info] Loading spells
[12-18-2022 04:48:56] [Zone] [Info] [Shared Memory] Attempting to load file [shared/spells]
[12-18-2022 04:48:56] [Zone] [Info] Loading base data
[12-18-2022 04:48:56] [Zone] [Info] Loading guilds
[12-18-2022 04:48:56] [Zone] [Info] Loading factions
[12-18-2022 04:48:56] [Zone] [Info] [2105] Faction(s) loaded...
[12-18-2022 04:48:56] [Zone] [Info] [610] Faction Base(s) loaded...
[12-18-2022 04:48:56] [Zone] [Info] [8802] Faction Modifier(s) loaded
[12-18-2022 04:48:56] [Zone] [Info] Loading titles
[12-18-2022 04:48:56] [Zone] [Info] Loading tributes
[12-18-2022 04:48:56] [Zone] [Info] Loading corpse timers
[12-18-2022 04:48:56] [Zone] [Info] Loading profanity list
[12-18-2022 04:48:56] [Zone] [Info] Loading commands
[12-18-2022 04:48:56] [Zone] [Info] 277 commands loaded
[12-18-2022 04:48:56] [Zone] [Info] Loaded default rule set 'default'
[12-18-2022 04:48:56] [Zone] [Info] Initialized dynamic dictionary entries
[12-18-2022 04:48:56] [Zone] [Info] Current expansion is [2] (The Scars of Velious)
[12-18-2022 04:48:56] [Zone] [Info] Loaded content flag [peq_halloween] [Disabled]
[12-18-2022 04:48:56] [Zone] [Info] Loading Perl Event Export Settings...
[12-18-2022 04:48:56] [Zone] [Info] Loading quests
[12-18-2022 04:48:57] [Zone] [Info] Entering sleep mode
[12-18-2022 04:49:03] [Zone] [Info] World assigned Port: [7003] for this zone
[12-18-2022 04:49:03] [Zone] [Info] Websocket Server listener started ([0.0.0.0]:[7003])
[12-18-2022 04:49:03] [Zone] [Info] Starting EQ Network server on port 7003
[12-18-2022 06:30:53] [Zone] [Info] Booting [butcher] ([68]:[0])
[12-18-2022 06:30:53] [Zone] [Info] Successfully loaded Zone Config for Zone [butcher] (Butcherblock Mountains) Version [0] Instance ID [0]
[12-18-2022 06:30:53] [Zone] [Info] Attempting to load Map File [maps/base/butcher.map]
[12-18-2022 06:30:53] [Zone] [Info] Loading V2 Map File [maps/base/butcher.map]
[12-18-2022 06:30:53] [Zone] [Info] Loaded V2 Map File [maps/base/butcher.map]
[12-18-2022 06:30:53] [Zone] [Info] Loaded Water Map V[1] file [maps/water/butcher.wtr]
[12-18-2022 06:30:53] [Zone] [Info] Loaded Navmesh V[2] file [C:\eqemu\eqemu_installer_files_x64/maps/nav/butcher.nav]
[12-18-2022 06:30:53] [Zone] [Info] Loading spawn conditions
[12-18-2022 06:30:53] [Zone] [Info] Loading static zone points
[12-18-2022 06:30:53] [Zone] [Info] Loading spawn groups
[12-18-2022 06:30:53] [Zone] [Info] Loading spawn2 points
[12-18-2022 06:30:53] [Zone] [Info] Loading player corpses
[12-18-2022 06:30:53] [Zone] [Info] Loading traps
[12-18-2022 06:30:53] [Zone] [Info] Loading adventure flavor text
[12-18-2022 06:30:53] [Zone] [Info] Loading ground spawns
[12-18-2022 06:30:53] [Zone] [Info] Loading Ground Spawns from DB
[12-18-2022 06:30:53] [Zone] [Info] Object::RandomSpawn([IT403_ACTORDEF]): [16490] ([-203.447], [2250.77], [9.46615])
[12-18-2022 06:30:53] [Zone] [Info] Object::RandomSpawn([IT403_ACTORDEF]): [16490] ([1409.47], [1910.74], [-2.95443])
[12-18-2022 06:30:53] [Zone] [Info] Object::RandomSpawn([IT403_ACTORDEF]): [16490] ([2104.51], [-823.832], [109.083])
[12-18-2022 06:30:53] [Zone] [Info] Object::RandomSpawn([IT403_ACTORDEF]): [16490] ([-201.126], [2698.66], [25.3735])
[12-18-2022 06:30:53] [Zone] [Info] Object::RandomSpawn([IT403_ACTORDEF]): [16490] ([-1135.58], [2242.56], [208.075])
[12-18-2022 06:30:53] [Zone] [Info] Object::RandomSpawn([IT403_ACTORDEF]): [16490] ([275.828], [-2638.45], [22.554])
[12-18-2022 06:30:53] [Zone] [Info] Object::RandomSpawn([IT403_ACTORDEF]): [16490] ([1754.16], [-2836.98], [-99999])
[12-18-2022 06:30:53] [Zone] [Info] Object::RandomSpawn([IT403_ACTORDEF]): [16490] ([-613.7], [-1686.21], [5.81387])
[12-18-2022 06:30:53] [Zone] [Info] Object::RandomSpawn([IT403_ACTORDEF]): [16490] ([226.887], [1194.73], [304.261])
[12-18-2022 06:30:53] [Zone] [Info] Object::RandomSpawn([IT403_ACTORDEF]): [16490] ([1557.04], [-16.6627], [178.602])
[12-18-2022 06:30:53] [Zone] [Info] Object::RandomSpawn([IT403_ACTORDEF]): [16490] ([2441.36], [-973.452], [244.758])
[12-18-2022 06:30:53] [Zone] [Info] Object::RandomSpawn([IT403_ACTORDEF]): [16490] ([562.197], [1248.6], [-40.7112])
[12-18-2022 06:30:53] [Zone] [Info] Object::RandomSpawn([IT403_ACTORDEF]): [16490] ([441.95], [-1511.65], [-1.34471])
[12-18-2022 06:30:53] [Zone] [Info] Object::RandomSpawn([IT403_ACTORDEF]): [16490] ([1442.13], [-2012.94], [-40.6637])
[12-18-2022 06:30:53] [Zone] [Info] Object::RandomSpawn([IT403_ACTORDEF]): [16490] ([-2776.69], [-1907.14], [14.0582])
[12-18-2022 06:30:53] [Zone] [Info] Object::RandomSpawn([IT403_ACTORDEF]): [16490] ([-218.568], [2541.7], [102.781])
[12-18-2022 06:30:53] [Zone] [Info] Object::RandomSpawn([IT403_ACTORDEF]): [16490] ([-2421.34], [-1946.48], [0.610962])
[12-18-2022 06:30:53] [Zone] [Info] Object::RandomSpawn([IT403_ACTORDEF]): [16490] ([-2704.91], [2290.98], [219.906])
[12-18-2022 06:30:53] [Zone] [Info] Object::RandomSpawn([IT403_ACTORDEF]): [16490] ([968.729], [-124.228], [277.679])
[12-18-2022 06:30:53] [Zone] [Info] Object::RandomSpawn([IT403_ACTORDEF]): [16490] ([-2578.87], [-1906.58], [-3.16914])
[12-18-2022 06:30:53] [Zone] [Info] Object::RandomSpawn([IT403_ACTORDEF]): [16490] ([1937.41], [1543.68], [-5.2427])
[12-18-2022 06:30:53] [Zone] [Info] Object::RandomSpawn([IT403_ACTORDEF]): [16490] ([2157.3], [2379.15], [-3.30625])
[12-18-2022 06:30:53] [Zone] [Info] Object::RandomSpawn([IT403_ACTORDEF]): [16490] ([1629.08], [-1586.36], [282.776])
[12-18-2022 06:30:53] [Zone] [Info] Object::RandomSpawn([IT403_ACTORDEF]): [16490] ([1650.48], [1044.88], [9.8827])
[12-18-2022 06:30:53] [Zone] [Info] Object::RandomSpawn([IT403_ACTORDEF]): [16490] ([2446.89], [2184.38], [234.182])
[12-18-2022 06:30:53] [Zone] [Info] Object::RandomSpawn([IT403_ACTORDEF]): [16490] ([1096.14], [2088.38], [-12.2587])
[12-18-2022 06:30:53] [Zone] [Info] Object::RandomSpawn([IT403_ACTORDEF]): [16490] ([-506.043], [-58.2432], [209.042])
[12-18-2022 06:30:53] [Zone] [Info] Object::RandomSpawn([IT403_ACTORDEF]): [16490] ([2440.85], [-2373.25], [-30.1355])
[12-18-2022 06:30:53] [Zone] [Info] Object::RandomSpawn([IT403_ACTORDEF]): [16490] ([-1290.37], [-935.868], [6.78346])
[12-18-2022 06:30:53] [Zone] [Info] Object::RandomSpawn([IT403_ACTORDEF]): [16490] ([1381.92], [2453.34], [1.18233])
[12-18-2022 06:30:53] [Zone] [Info] Object::RandomSpawn([IT403_ACTORDEF]): [16490] ([-2327.63], [-1381.4], [-3.30625])
[12-18-2022 06:30:53] [Zone] [Info] Object::RandomSpawn([IT403_ACTORDEF]): [16490] ([1562.73], [1119.28], [-3.30625])
[12-18-2022 06:30:53] [Zone] [Info] Object::RandomSpawn([IT403_ACTORDEF]): [16490] ([-403.207], [2836.48], [-2.88965])
[12-18-2022 06:30:53] [Zone] [Info] Object::RandomSpawn([IT403_ACTORDEF]): [16490] ([993.156], [-2702.5], [204.424])
[12-18-2022 06:30:53] [Zone] [Info] Object::RandomSpawn([IT403_ACTORDEF]): [16490] ([-1887.04], [-1650.85], [-2.51252])
[12-18-2022 06:30:53] [Zone] [Info] Object::RandomSpawn([IT403_ACTORDEF]): [16490] ([47.1122], [1155.81], [73.9881])
[12-18-2022 06:30:53] [Zone] [Info] Object::RandomSpawn([IT403_ACTORDEF]): [16490] ([2082.88], [-483.47], [168.745])
[12-18-2022 06:30:53] [Zone] [Info] Object::RandomSpawn([IT403_ACTORDEF]): [16490] ([-403.909], [-1919.44], [10.9837])
[12-18-2022 06:30:53] [Zone] [Info] Object::RandomSpawn([IT403_ACTORDEF]): [16490] ([-1145.6], [2721.97], [-2.56263])
[12-18-2022 06:30:53] [Zone] [Info] Object::RandomSpawn([IT403_ACTORDEF]): [16490] ([2952.14], [1960.35], [-14.3186])
[12-18-2022 06:30:53] [Zone] [Info] Object::RandomSpawn([IT403_ACTORDEF]): [16490] ([2652.6], [2858.16], [4.45595])
[12-18-2022 06:30:53] [Zone] [Info] Object::RandomSpawn([IT403_ACTORDEF]): [16490] ([243.612], [-330.906], [-25.3819])
[12-18-2022 06:30:53] [Zone] [Info] Object::RandomSpawn([IT403_ACTORDEF]): [16490] ([257.088], [2935.86], [137.975])
[12-18-2022 06:30:53] [Zone] [Info] Object::RandomSpawn([IT403_ACTORDEF]): [16490] ([-2796.75], [65.373], [268.234])
[12-18-2022 06:30:53] [Zone] [Info] Object::RandomSpawn([IT403_ACTORDEF]): [16490] ([2818.41], [2326.9], [-2.09265])
[12-18-2022 06:30:53] [Zone] [Info] Object::RandomSpawn([IT403_ACTORDEF]): [16490] ([-2340.54], [-850.85], [-13.1425])
[12-18-2022 06:30:53] [Zone] [Info] Object::RandomSpawn([IT403_ACTORDEF]): [16490] ([-2397.38], [741.203], [-3.30625])
[12-18-2022 06:30:53] [Zone] [Info] Object::RandomSpawn([IT403_ACTORDEF]): [16490] ([118.585], [2064.12], [-3.30625])
[12-18-2022 06:30:53] [Zone] [Info] Object::RandomSpawn([IT403_ACTORDEF]): [16490] ([-2584.64], [-1190.05], [-3.30625])
[12-18-2022 06:30:53] [Zone] [Info] Object::RandomSpawn([IT403_ACTORDEF]): [16490] ([-2921.22], [-2824.07], [-99999])
[12-18-2022 06:30:53] [Zone] [Info] Loading World Objects from DB
[12-18-2022 06:30:53] [Zone] [Info] Loading Objects from DB
[12-18-2022 06:30:53] [Zone] [Info] Flushing old respawn timers
[12-18-2022 06:30:53] [Zone] [Info] Loading doors for [butcher] 
[12-18-2022 06:30:53] [Zone] [Info] Loading Doors from database
[12-18-2022 06:30:53] [Zone] [Info] Loading Alternate Advancement Data
[12-18-2022 06:30:53] [Zone] [Info] Loading Alternate Advancement Abilities
[12-18-2022 06:30:53] [Zone] [Info] Loaded [1558] Alternate Advancement Abilities
[12-18-2022 06:30:53] [Zone] [Info] Loading Alternate Advancement Ability Ranks
[12-18-2022 06:30:53] [Zone] [Info] Loaded [6652] Alternate Advancement Ability Ranks
[12-18-2022 06:30:53] [Zone] [Info] Loading Alternate Advancement Ability Rank Effects
[12-18-2022 06:30:53] [Zone] [Info] Loaded Alternate Advancement Ability Rank Effects
[12-18-2022 06:30:53] [Zone] [Info] Loading Alternate Advancement Ability Rank Prereqs
[12-18-2022 06:30:53] [Zone] [Info] Loaded Alternate Advancement Ability Rank Prereqs
[12-18-2022 06:30:53] [Zone] [Info] Processing Alternate Advancement Data
[12-18-2022 06:30:53] [Zone] [Info] Loaded Alternate Advancement Data
[12-18-2022 06:30:53] [Zone] [Info] Loading Merchant Lists
[12-18-2022 06:30:53] [Zone] [Info] Loading Temporary Merchant Lists
[12-18-2022 06:30:53] [Zone] [Info] Loading dynamic zones
[12-18-2022 06:30:53] [Zone] [Info] Loading active Expeditions
[12-18-2022 06:30:53] [Zone] [Info] Loading timezone data
[12-18-2022 06:30:53] [Zone] [Info] Init Finished: ZoneID = [68], Time Offset = [0]
[12-18-2022 06:30:53] [Zone] [Info] ---- Zone server [butcher], listening on port:[7003] ----
[12-18-2022 06:30:53] [Zone] [Info] Zone Bootup: [Dynamic] [butcher] ([68]: [0])
[12-18-2022 06:30:53] [Zone] [Info] Requesting world time
[12-18-2022 06:30:53] [Zone] [Info] [StartShutdownTimer] Reset to [1 Hour] (Loaded from [zone table]) from original remaining time [5 Seconds] duration [5 Seconds] zone [PID (12248) Butcherblock Mountains (68)]
