[12-18-2022 04:48:56] [Zone] [Info] CURRENT_VERSION: 2.0
[12-18-2022 04:48:56] [Zone] [Info] Mapping Incoming Opcodes
[12-18-2022 04:48:56] [Zone] [Info] Loading Variables
[12-18-2022 04:48:56] [Zone] [Info] Loading zone names
[12-18-2022 04:48:56] [Zone] [Info] [ZoneStore] Loaded [593] zones
[12-18-2022 04:48:56] [Zone] [Info] Loading items
[12-18-2022 04:48:56] [Zone] [Info] [Shared Memory] Attempting to load file [shared/items]
[12-18-2022 04:48:56] [Zone] [Info] Loading npc faction lists
[12-18-2022 04:48:56] [Zone] [Info] [Shared Memory] Attempting to load file [shared/faction]
[12-18-2022 04:48:56] [Zone] [Info] Loading faction association hits
[12-18-2022 04:48:56] [Zone] [Info] Loading loot tables
[12-18-2022 04:48:56] [Zone] [Info] Loading skill caps
[12-18-2022 04:48:56] [Zone] [Info] [Shared Memory] Attempting to load file [shared/skill_caps]
[12-18-2022 04:48:56] [Zone] [Info] Loading spells
[12-18-2022 04:48:56] [Zone] [Info] [Shared Memory] Attempting to load file [shared/spells]
[12-18-2022 04:48:56] [Zone] [Info] Loading base data
[12-18-2022 04:48:56] [Zone] [Info] Loading guilds
[12-18-2022 04:48:56] [Zone] [Info] Loading factions
[12-18-2022 04:48:56] [Zone] [Info] [2105] Faction(s) loaded...
[12-18-2022 04:48:56] [Zone] [Info] [610] Faction Base(s) loaded...
[12-18-2022 04:48:56] [Zone] [Info] [8802] Faction Modifier(s) loaded
[12-18-2022 04:48:56] [Zone] [Info] Loading titles
[12-18-2022 04:48:56] [Zone] [Info] Loading tributes
[12-18-2022 04:48:56] [Zone] [Info] Loading corpse timers
[12-18-2022 04:48:56] [Zone] [Info] Loading profanity list
[12-18-2022 04:48:56] [Zone] [Info] Loading commands
[12-18-2022 04:48:56] [Zone] [Info] 277 commands loaded
[12-18-2022 04:48:56] [Zone] [Info] Loaded default rule set 'default'
[12-18-2022 04:48:56] [Zone] [Info] Initialized dynamic dictionary entries
[12-18-2022 04:48:56] [Zone] [Info] Current expansion is [2] (The Scars of Velious)
[12-18-2022 04:48:56] [Zone] [Info] Loaded content flag [peq_halloween] [Disabled]
[12-18-2022 04:48:56] [Zone] [Info] Loading Perl Event Export Settings...
[12-18-2022 04:48:56] [Zone] [Info] Loading quests
[12-18-2022 04:48:56] [Zone] [Info] Entering sleep mode
[12-18-2022 04:49:03] [Zone] [Info] World assigned Port: [7001] for this zone
[12-18-2022 04:49:03] [Zone] [Info] Websocket Server listener started ([0.0.0.0]:[7001])
[12-18-2022 04:49:03] [Zone] [Info] Starting EQ Network server on port 7001
[12-18-2022 04:50:28] [Zone] [Info] Booting [oot] ([69]:[0])
[12-18-2022 04:50:28] [Zone] [Info] Successfully loaded Zone Config for Zone [oot] (Ocean of Tears) Version [0] Instance ID [0]
[12-18-2022 04:50:28] [Zone] [Info] Attempting to load Map File [maps/base/oot.map]
[12-18-2022 04:50:28] [Zone] [Info] Loading V2 Map File [maps/base/oot.map]
[12-18-2022 04:50:28] [Zone] [Info] Loaded V2 Map File [maps/base/oot.map]
[12-18-2022 04:50:28] [Zone] [Info] Loaded Water Map V[1] file [maps/water/oot.wtr]
[12-18-2022 04:50:28] [Zone] [Info] Loaded Navmesh V[2] file [C:\eqemu\eqemu_installer_files_x64/maps/nav/oot.nav]
[12-18-2022 04:50:28] [Zone] [Info] Loading spawn conditions
[12-18-2022 04:50:28] [Zone] [Info] Loading static zone points
[12-18-2022 04:50:28] [Zone] [Info] Loading spawn groups
[12-18-2022 04:50:28] [Zone] [Info] Loading spawn2 points
[12-18-2022 04:50:28] [Zone] [Info] Loading player corpses
[12-18-2022 04:50:28] [Zone] [Info] Loading traps
[12-18-2022 04:50:28] [Zone] [Info] Loading adventure flavor text
[12-18-2022 04:50:28] [Zone] [Info] Loading ground spawns
[12-18-2022 04:50:28] [Zone] [Info] Loading Ground Spawns from DB
[12-18-2022 04:50:28] [Zone] [Info] Object::RandomSpawn([IT63_ACTORDEF]): [12363] ([2924], [-1611], [-292.7])
[12-18-2022 04:50:28] [Zone] [Info] Object::RandomSpawn([IT]): [57923] ([7860], [945], [-232])
[12-18-2022 04:50:28] [Zone] [Info] Loading World Objects from DB
[12-18-2022 04:50:28] [Zone] [Info] Loading Objects from DB
[12-18-2022 04:50:28] [Zone] [Info] Flushing old respawn timers
[12-18-2022 04:50:28] [Zone] [Info] Loading doors for [oot] 
[12-18-2022 04:50:28] [Zone] [Info] Loading Doors from database
[12-18-2022 04:50:28] [Zone] [Info] No doors loaded
[12-18-2022 04:50:28] [Zone] [Info] Loading Alternate Advancement Data
[12-18-2022 04:50:28] [Zone] [Info] Loading Alternate Advancement Abilities
[12-18-2022 04:50:28] [Zone] [Info] Loaded [1558] Alternate Advancement Abilities
[12-18-2022 04:50:28] [Zone] [Info] Loading Alternate Advancement Ability Ranks
[12-18-2022 04:50:28] [Zone] [Info] Loaded [6652] Alternate Advancement Ability Ranks
[12-18-2022 04:50:28] [Zone] [Info] Loading Alternate Advancement Ability Rank Effects
[12-18-2022 04:50:28] [Zone] [Info] Loaded Alternate Advancement Ability Rank Effects
[12-18-2022 04:50:28] [Zone] [Info] Loading Alternate Advancement Ability Rank Prereqs
[12-18-2022 04:50:28] [Zone] [Info] Loaded Alternate Advancement Ability Rank Prereqs
[12-18-2022 04:50:28] [Zone] [Info] Processing Alternate Advancement Data
[12-18-2022 04:50:28] [Zone] [Info] Loaded Alternate Advancement Data
[12-18-2022 04:50:28] [Zone] [Info] Loading Merchant Lists
[12-18-2022 04:50:28] [Zone] [Info] Loading Temporary Merchant Lists
[12-18-2022 04:50:28] [Zone] [Info] Loading dynamic zones
[12-18-2022 04:50:28] [Zone] [Info] Loading active Expeditions
[12-18-2022 04:50:28] [Zone] [Info] Loading timezone data
[12-18-2022 04:50:28] [Zone] [Info] Init Finished: ZoneID = [69], Time Offset = [0]
[12-18-2022 04:50:28] [Zone] [Info] ---- Zone server [oot], listening on port:[7001] ----
[12-18-2022 04:50:28] [Zone] [Info] Zone Bootup: [Dynamic] [oot] ([69]: [0])
[12-18-2022 04:50:28] [Zone] [Info] Requesting world time
[12-18-2022 04:50:28] [Zone] [Info] [StartShutdownTimer] Reset to [1 Hour] (Loaded from [zone table]) from original remaining time [5 Seconds] duration [5 Seconds] zone [PID (10164) Ocean of Tears (69)]
