[12-14-2022 20:46:24] [Login] [Info] Server Manager Init
[12-14-2022 20:46:24] [Login] [Info] Loginserver now listening on port [5998]
[12-14-2022 20:46:24] [Login] [Info] Client Manager Init
[12-14-2022 20:46:24] [Login] [Info] Server Started
[12-14-2022 20:46:24] [Login] [Info] [Config] [Account] CanAutoCreateAccounts [true]
[12-14-2022 20:46:24][12-14-2022 20:46:24]  [Login] [Info] Webserver API now listening on port [6000][Login] [Info] [Config] [Client_Configuration] DisplayExpansions [true]

[12-14-2022 20:46:24][12-14-2022 20:46:24]  [Login] [Info] [Config] [Client_Configuration] MaxExpansions [2][Login] [Info] Loaded [0] API token(s)

[12-14-2022 20:46:24] [Login] [Info] [Config] [WorldServer] IsRejectingDuplicateServers [false]
[12-14-2022 20:46:24] [Login] [Info] [Config] [WorldServer] IsUnregisteredAllowed [true]
[12-14-2022 20:46:24] [Login] [Info] [Config] [WorldServer] ShowPlayerCount [false]
[12-14-2022 20:46:24] [Login] [Info] [Config] [WorldServer] DevAndTestServersListBottom [false]
[12-14-2022 20:46:24] [Login] [Info] [Config] [WorldServer] SpecialCharactersStartListBottom [false]
[12-14-2022 20:46:24] [Login] [Info] [Config] [Security] GetEncryptionMode [14]
[12-14-2022 20:46:24] [Login] [Info] [Config] [Security] IsTokenLoginAllowed [true]
[12-14-2022 20:46:24] [Login] [Info] [Config] [Security] IsPasswordLoginAllowed [true]
[12-14-2022 20:46:24] [Login] [Info] [Config] [Security] IsUpdatingInsecurePasswords [true]
[12-14-2022 20:46:32] [Login] [Info] New World Server connection from 127.0.0.1:61462
[12-14-2022 20:46:32] [Login] [Info] New World Server Info | name [Project Gate [Velious]] shortname [ProjGate] remote_address [20.102.88.155] local_address [20.102.88.155] account [] password [] server_type [0]
[12-14-2022 20:46:32] [Login] [Info] Server [Project Gate [Velious]] [ProjGate] did not login but unregistered servers are allowed
[12-14-2022 22:09:35] [Login] [Info] World server Project Gate [Velious] has been disconnected, removing.
